ERROR - 2021-11-20 08:04:08 --> Error connecting to the database: No connection could be made because the target machine actively refused it
CRITICAL - 2021-11-20 08:04:08 --> Unable to connect to the database.
Main connection [MySQLi]: No connection could be made because the target machine actively refused it
#0 D:\xampp\htdocs\ppl-pertemuan1\vendor\codeigniter4\framework\system\Database\BaseConnection.php(570): CodeIgniter\Database\BaseConnection->initialize()
#1 D:\xampp\htdocs\ppl-pertemuan1\vendor\codeigniter4\framework\system\Database\BaseBuilder.php(1428): CodeIgniter\Database\BaseConnection->query('SELECT *\nFROM `...', Array, false)
#2 D:\xampp\htdocs\ppl-pertemuan1\vendor\codeigniter4\framework\system\Model.php(210): CodeIgniter\Database\BaseBuilder->get()
#3 D:\xampp\htdocs\ppl-pertemuan1\vendor\codeigniter4\framework\system\BaseModel.php(622): CodeIgniter\Model->doFirst()
#4 D:\xampp\htdocs\ppl-pertemuan1\app\Controllers\c_login.php(18): CodeIgniter\BaseModel->first()
#5 D:\xampp\htdocs\ppl-pertemuan1\vendor\codeigniter4\framework\system\CodeIgniter.php(802): App\Controllers\c_login->auth()
#6 D:\xampp\htdocs\ppl-pertemuan1\vendor\codeigniter4\framework\system\CodeIgniter.php(399): CodeIgniter\CodeIgniter->runController(Object(App\Controllers\c_login))
#7 D:\xampp\htdocs\ppl-pertemuan1\vendor\codeigniter4\framework\system\CodeIgniter.php(317): CodeIgniter\CodeIgniter->handleRequest(NULL, Object(Config\Cache), false)
#8 D:\xampp\htdocs\ppl-pertemuan1\public\index.php(37): CodeIgniter\CodeIgniter->run()
#9 D:\xampp\htdocs\ppl-pertemuan1\vendor\codeigniter4\framework\system\Commands\Server\rewrite.php(43): require_once('D:\\xampp\\htdocs...')
#10 {main}
CRITICAL - 2021-11-20 08:19:21 --> Too few arguments to function App\Controllers\c_kota::viewDetailKota(), 0 passed in D:\xampp\htdocs\ppl-pertemuan1\vendor\codeigniter4\framework\system\CodeIgniter.php on line 802 and exactly 1 expected
#0 D:\xampp\htdocs\ppl-pertemuan1\vendor\codeigniter4\framework\system\CodeIgniter.php(802): App\Controllers\c_kota->viewDetailKota()
#1 D:\xampp\htdocs\ppl-pertemuan1\vendor\codeigniter4\framework\system\CodeIgniter.php(399): CodeIgniter\CodeIgniter->runController(Object(App\Controllers\c_kota))
#2 D:\xampp\htdocs\ppl-pertemuan1\vendor\codeigniter4\framework\system\CodeIgniter.php(317): CodeIgniter\CodeIgniter->handleRequest(NULL, Object(Config\Cache), false)
#3 D:\xampp\htdocs\ppl-pertemuan1\public\index.php(37): CodeIgniter\CodeIgniter->run()
#4 D:\xampp\htdocs\ppl-pertemuan1\vendor\codeigniter4\framework\system\Commands\Server\rewrite.php(43): require_once('D:\\xampp\\htdocs...')
#5 {main}
CRITICAL - 2021-11-20 08:20:04 --> Too few arguments to function App\Controllers\c_kota::viewDetailKota(), 0 passed in D:\xampp\htdocs\ppl-pertemuan1\vendor\codeigniter4\framework\system\CodeIgniter.php on line 802 and exactly 1 expected
#0 D:\xampp\htdocs\ppl-pertemuan1\vendor\codeigniter4\framework\system\CodeIgniter.php(802): App\Controllers\c_kota->viewDetailKota()
#1 D:\xampp\htdocs\ppl-pertemuan1\vendor\codeigniter4\framework\system\CodeIgniter.php(399): CodeIgniter\CodeIgniter->runController(Object(App\Controllers\c_kota))
#2 D:\xampp\htdocs\ppl-pertemuan1\vendor\codeigniter4\framework\system\CodeIgniter.php(317): CodeIgniter\CodeIgniter->handleRequest(NULL, Object(Config\Cache), false)
#3 D:\xampp\htdocs\ppl-pertemuan1\public\index.php(37): CodeIgniter\CodeIgniter->run()
#4 D:\xampp\htdocs\ppl-pertemuan1\vendor\codeigniter4\framework\system\Commands\Server\rewrite.php(43): require_once('D:\\xampp\\htdocs...')
#5 {main}
CRITICAL - 2021-11-20 08:20:07 --> Too few arguments to function App\Controllers\c_kota::viewDetailKota(), 0 passed in D:\xampp\htdocs\ppl-pertemuan1\vendor\codeigniter4\framework\system\CodeIgniter.php on line 802 and exactly 1 expected
#0 D:\xampp\htdocs\ppl-pertemuan1\vendor\codeigniter4\framework\system\CodeIgniter.php(802): App\Controllers\c_kota->viewDetailKota()
#1 D:\xampp\htdocs\ppl-pertemuan1\vendor\codeigniter4\framework\system\CodeIgniter.php(399): CodeIgniter\CodeIgniter->runController(Object(App\Controllers\c_kota))
#2 D:\xampp\htdocs\ppl-pertemuan1\vendor\codeigniter4\framework\system\CodeIgniter.php(317): CodeIgniter\CodeIgniter->handleRequest(NULL, Object(Config\Cache), false)
#3 D:\xampp\htdocs\ppl-pertemuan1\public\index.php(37): CodeIgniter\CodeIgniter->run()
#4 D:\xampp\htdocs\ppl-pertemuan1\vendor\codeigniter4\framework\system\Commands\Server\rewrite.php(43): require_once('D:\\xampp\\htdocs...')
#5 {main}
ERROR - 2021-11-20 08:35:17 --> Error connecting to the database: No connection could be made because the target machine actively refused it
CRITICAL - 2021-11-20 08:35:17 --> Unable to connect to the database.
Main connection [MySQLi]: No connection could be made because the target machine actively refused it
#0 D:\xampp\htdocs\ppl-pertemuan1\vendor\codeigniter4\framework\system\Database\BaseConnection.php(570): CodeIgniter\Database\BaseConnection->initialize()
#1 D:\xampp\htdocs\ppl-pertemuan1\app\Models\m_kota.php(31): CodeIgniter\Database\BaseConnection->query('SELECT * FROM k...')
#2 D:\xampp\htdocs\ppl-pertemuan1\app\Controllers\c_kota.php(43): App\Models\m_kota->viewDataKota('1')
#3 D:\xampp\htdocs\ppl-pertemuan1\vendor\codeigniter4\framework\system\CodeIgniter.php(802): App\Controllers\c_kota->viewDetailKota('1')
#4 D:\xampp\htdocs\ppl-pertemuan1\vendor\codeigniter4\framework\system\CodeIgniter.php(399): CodeIgniter\CodeIgniter->runController(Object(App\Controllers\c_kota))
#5 D:\xampp\htdocs\ppl-pertemuan1\vendor\codeigniter4\framework\system\CodeIgniter.php(317): CodeIgniter\CodeIgniter->handleRequest(NULL, Object(Config\Cache), false)
#6 D:\xampp\htdocs\ppl-pertemuan1\public\index.php(37): CodeIgniter\CodeIgniter->run()
#7 D:\xampp\htdocs\ppl-pertemuan1\vendor\codeigniter4\framework\system\Commands\Server\rewrite.php(43): require_once('D:\\xampp\\htdocs...')
#8 {main}
