ERROR - 2021-11-08 01:12:28 --> Error connecting to the database: Unknown database 'ppl2'
CRITICAL - 2021-11-08 01:12:28 --> Unable to connect to the database.
Main connection [MySQLi]: Unknown database 'ppl2'
#0 D:\xampp\htdocs\ppl-pertemuan1\vendor\codeigniter4\framework\system\Database\BaseConnection.php(570): CodeIgniter\Database\BaseConnection->initialize()
#1 D:\xampp\htdocs\ppl-pertemuan1\app\Models\m_kota.php(20): CodeIgniter\Database\BaseConnection->query('SELECT * FROM k...')
#2 D:\xampp\htdocs\ppl-pertemuan1\app\Controllers\c_kota.php(13): App\Models\m_kota->getDataKota()
#3 D:\xampp\htdocs\ppl-pertemuan1\vendor\codeigniter4\framework\system\CodeIgniter.php(802): App\Controllers\c_kota->index()
#4 D:\xampp\htdocs\ppl-pertemuan1\vendor\codeigniter4\framework\system\CodeIgniter.php(399): CodeIgniter\CodeIgniter->runController(Object(App\Controllers\c_kota))
#5 D:\xampp\htdocs\ppl-pertemuan1\vendor\codeigniter4\framework\system\CodeIgniter.php(317): CodeIgniter\CodeIgniter->handleRequest(NULL, Object(Config\Cache), false)
#6 D:\xampp\htdocs\ppl-pertemuan1\public\index.php(37): CodeIgniter\CodeIgniter->run()
#7 D:\xampp\htdocs\ppl-pertemuan1\vendor\codeigniter4\framework\system\Commands\Server\rewrite.php(43): require_once('D:\\xampp\\htdocs...')
#8 {main}
ERROR - 2021-11-08 01:12:51 --> Error connecting to the database: Unknown database 'ppl2'
CRITICAL - 2021-11-08 01:12:51 --> Unable to connect to the database.
Main connection [MySQLi]: Unknown database 'ppl2'
#0 D:\xampp\htdocs\ppl-pertemuan1\vendor\codeigniter4\framework\system\Database\BaseConnection.php(570): CodeIgniter\Database\BaseConnection->initialize()
#1 D:\xampp\htdocs\ppl-pertemuan1\app\Models\m_kota.php(20): CodeIgniter\Database\BaseConnection->query('SELECT * FROM k...')
#2 D:\xampp\htdocs\ppl-pertemuan1\app\Controllers\c_kota.php(13): App\Models\m_kota->getDataKota()
#3 D:\xampp\htdocs\ppl-pertemuan1\vendor\codeigniter4\framework\system\CodeIgniter.php(802): App\Controllers\c_kota->index()
#4 D:\xampp\htdocs\ppl-pertemuan1\vendor\codeigniter4\framework\system\CodeIgniter.php(399): CodeIgniter\CodeIgniter->runController(Object(App\Controllers\c_kota))
#5 D:\xampp\htdocs\ppl-pertemuan1\vendor\codeigniter4\framework\system\CodeIgniter.php(317): CodeIgniter\CodeIgniter->handleRequest(NULL, Object(Config\Cache), false)
#6 D:\xampp\htdocs\ppl-pertemuan1\public\index.php(37): CodeIgniter\CodeIgniter->run()
#7 D:\xampp\htdocs\ppl-pertemuan1\vendor\codeigniter4\framework\system\Commands\Server\rewrite.php(43): require_once('D:\\xampp\\htdocs...')
#8 {main}
CRITICAL - 2021-11-08 01:53:25 --> syntax error, unexpected token "}", expecting ";"
#0 D:\xampp\htdocs\ppl-pertemuan1\vendor\codeigniter4\framework\system\Autoloader\Autoloader.php(241): CodeIgniter\Autoloader\Autoloader->includeFile('D:\\xampp\\htdocs...')
#1 D:\xampp\htdocs\ppl-pertemuan1\vendor\codeigniter4\framework\system\Autoloader\Autoloader.php(219): CodeIgniter\Autoloader\Autoloader->loadInNamespace('App\\Controllers...')
#2 [internal function]: CodeIgniter\Autoloader\Autoloader->loadClass('App\\Controllers...')
#3 D:\xampp\htdocs\ppl-pertemuan1\vendor\codeigniter4\framework\system\CodeIgniter.php(767): class_exists('\\App\\Controller...', true)
#4 D:\xampp\htdocs\ppl-pertemuan1\vendor\codeigniter4\framework\system\CodeIgniter.php(386): CodeIgniter\CodeIgniter->startController()
#5 D:\xampp\htdocs\ppl-pertemuan1\vendor\codeigniter4\framework\system\CodeIgniter.php(317): CodeIgniter\CodeIgniter->handleRequest(NULL, Object(Config\Cache), false)
#6 D:\xampp\htdocs\ppl-pertemuan1\public\index.php(37): CodeIgniter\CodeIgniter->run()
#7 D:\xampp\htdocs\ppl-pertemuan1\vendor\codeigniter4\framework\system\Commands\Server\rewrite.php(43): require_once('D:\\xampp\\htdocs...')
#8 {main}
CRITICAL - 2021-11-08 10:05:27 --> Invalid file: app.php
#0 D:\xampp\htdocs\ppl-pertemuan1\vendor\codeigniter4\framework\system\View\View.php(198): CodeIgniter\Exceptions\FrameworkException::forInvalidFile('app.php')
#1 D:\xampp\htdocs\ppl-pertemuan1\vendor\codeigniter4\framework\system\View\View.php(230): CodeIgniter\View\View->render('app', Array, true)
#2 D:\xampp\htdocs\ppl-pertemuan1\vendor\codeigniter4\framework\system\Common.php(1092): CodeIgniter\View\View->render('v_home', Array, true)
#3 D:\xampp\htdocs\ppl-pertemuan1\app\Controllers\Home.php(9): view('v_home')
#4 D:\xampp\htdocs\ppl-pertemuan1\vendor\codeigniter4\framework\system\CodeIgniter.php(802): App\Controllers\Home->index()
#5 D:\xampp\htdocs\ppl-pertemuan1\vendor\codeigniter4\framework\system\CodeIgniter.php(399): CodeIgniter\CodeIgniter->runController(Object(App\Controllers\Home))
#6 D:\xampp\htdocs\ppl-pertemuan1\vendor\codeigniter4\framework\system\CodeIgniter.php(317): CodeIgniter\CodeIgniter->handleRequest(NULL, Object(Config\Cache), false)
#7 D:\xampp\htdocs\ppl-pertemuan1\public\index.php(37): CodeIgniter\CodeIgniter->run()
#8 D:\xampp\htdocs\ppl-pertemuan1\vendor\codeigniter4\framework\system\Commands\Server\rewrite.php(43): require_once('D:\\xampp\\htdocs...')
#9 {main}
CRITICAL - 2021-11-08 10:05:42 --> Invalid file: app.php
#0 D:\xampp\htdocs\ppl-pertemuan1\vendor\codeigniter4\framework\system\View\View.php(198): CodeIgniter\Exceptions\FrameworkException::forInvalidFile('app.php')
#1 D:\xampp\htdocs\ppl-pertemuan1\vendor\codeigniter4\framework\system\View\View.php(230): CodeIgniter\View\View->render('app', Array, true)
#2 D:\xampp\htdocs\ppl-pertemuan1\vendor\codeigniter4\framework\system\Common.php(1092): CodeIgniter\View\View->render('v_kota', Array, true)
#3 D:\xampp\htdocs\ppl-pertemuan1\app\Controllers\c_kota.php(15): view('v_kota', Array)
#4 D:\xampp\htdocs\ppl-pertemuan1\vendor\codeigniter4\framework\system\CodeIgniter.php(802): App\Controllers\c_kota->index()
#5 D:\xampp\htdocs\ppl-pertemuan1\vendor\codeigniter4\framework\system\CodeIgniter.php(399): CodeIgniter\CodeIgniter->runController(Object(App\Controllers\c_kota))
#6 D:\xampp\htdocs\ppl-pertemuan1\vendor\codeigniter4\framework\system\CodeIgniter.php(317): CodeIgniter\CodeIgniter->handleRequest(NULL, Object(Config\Cache), false)
#7 D:\xampp\htdocs\ppl-pertemuan1\public\index.php(37): CodeIgniter\CodeIgniter->run()
#8 D:\xampp\htdocs\ppl-pertemuan1\vendor\codeigniter4\framework\system\Commands\Server\rewrite.php(43): require_once('D:\\xampp\\htdocs...')
#9 {main}
CRITICAL - 2021-11-08 10:05:43 --> Invalid file: app.php
#0 D:\xampp\htdocs\ppl-pertemuan1\vendor\codeigniter4\framework\system\View\View.php(198): CodeIgniter\Exceptions\FrameworkException::forInvalidFile('app.php')
#1 D:\xampp\htdocs\ppl-pertemuan1\vendor\codeigniter4\framework\system\View\View.php(230): CodeIgniter\View\View->render('app', Array, true)
#2 D:\xampp\htdocs\ppl-pertemuan1\vendor\codeigniter4\framework\system\Common.php(1092): CodeIgniter\View\View->render('v_insert_kota', Array, true)
#3 D:\xampp\htdocs\ppl-pertemuan1\app\Controllers\c_kota.php(37): view('v_insert_kota')
#4 D:\xampp\htdocs\ppl-pertemuan1\vendor\codeigniter4\framework\system\CodeIgniter.php(802): App\Controllers\c_kota->create()
#5 D:\xampp\htdocs\ppl-pertemuan1\vendor\codeigniter4\framework\system\CodeIgniter.php(399): CodeIgniter\CodeIgniter->runController(Object(App\Controllers\c_kota))
#6 D:\xampp\htdocs\ppl-pertemuan1\vendor\codeigniter4\framework\system\CodeIgniter.php(317): CodeIgniter\CodeIgniter->handleRequest(NULL, Object(Config\Cache), false)
#7 D:\xampp\htdocs\ppl-pertemuan1\public\index.php(37): CodeIgniter\CodeIgniter->run()
#8 D:\xampp\htdocs\ppl-pertemuan1\vendor\codeigniter4\framework\system\Commands\Server\rewrite.php(43): require_once('D:\\xampp\\htdocs...')
#9 {main}
CRITICAL - 2021-11-08 10:06:10 --> Invalid file: app.php
#0 D:\xampp\htdocs\ppl-pertemuan1\vendor\codeigniter4\framework\system\View\View.php(198): CodeIgniter\Exceptions\FrameworkException::forInvalidFile('app.php')
#1 D:\xampp\htdocs\ppl-pertemuan1\vendor\codeigniter4\framework\system\View\View.php(230): CodeIgniter\View\View->render('app', Array, true)
#2 D:\xampp\htdocs\ppl-pertemuan1\vendor\codeigniter4\framework\system\Common.php(1092): CodeIgniter\View\View->render('v_kota', Array, true)
#3 D:\xampp\htdocs\ppl-pertemuan1\app\Controllers\c_kota.php(15): view('v_kota', Array)
#4 D:\xampp\htdocs\ppl-pertemuan1\vendor\codeigniter4\framework\system\CodeIgniter.php(802): App\Controllers\c_kota->index()
#5 D:\xampp\htdocs\ppl-pertemuan1\vendor\codeigniter4\framework\system\CodeIgniter.php(399): CodeIgniter\CodeIgniter->runController(Object(App\Controllers\c_kota))
#6 D:\xampp\htdocs\ppl-pertemuan1\vendor\codeigniter4\framework\system\CodeIgniter.php(317): CodeIgniter\CodeIgniter->handleRequest(NULL, Object(Config\Cache), false)
#7 D:\xampp\htdocs\ppl-pertemuan1\public\index.php(37): CodeIgniter\CodeIgniter->run()
#8 D:\xampp\htdocs\ppl-pertemuan1\vendor\codeigniter4\framework\system\Commands\Server\rewrite.php(43): require_once('D:\\xampp\\htdocs...')
#9 {main}
CRITICAL - 2021-11-08 10:06:32 --> Invalid file: app.php
#0 D:\xampp\htdocs\ppl-pertemuan1\vendor\codeigniter4\framework\system\View\View.php(198): CodeIgniter\Exceptions\FrameworkException::forInvalidFile('app.php')
#1 D:\xampp\htdocs\ppl-pertemuan1\vendor\codeigniter4\framework\system\View\View.php(230): CodeIgniter\View\View->render('app', Array, true)
#2 D:\xampp\htdocs\ppl-pertemuan1\vendor\codeigniter4\framework\system\Common.php(1092): CodeIgniter\View\View->render('v_home', Array, true)
#3 D:\xampp\htdocs\ppl-pertemuan1\app\Controllers\Home.php(9): view('v_home')
#4 D:\xampp\htdocs\ppl-pertemuan1\vendor\codeigniter4\framework\system\CodeIgniter.php(802): App\Controllers\Home->index()
#5 D:\xampp\htdocs\ppl-pertemuan1\vendor\codeigniter4\framework\system\CodeIgniter.php(399): CodeIgniter\CodeIgniter->runController(Object(App\Controllers\Home))
#6 D:\xampp\htdocs\ppl-pertemuan1\vendor\codeigniter4\framework\system\CodeIgniter.php(317): CodeIgniter\CodeIgniter->handleRequest(NULL, Object(Config\Cache), false)
#7 D:\xampp\htdocs\ppl-pertemuan1\public\index.php(37): CodeIgniter\CodeIgniter->run()
#8 D:\xampp\htdocs\ppl-pertemuan1\vendor\codeigniter4\framework\system\Commands\Server\rewrite.php(43): require_once('D:\\xampp\\htdocs...')
#9 {main}
ERROR - 2021-11-08 18:42:47 --> Error connecting to the database: Unknown database 'ppl2'
CRITICAL - 2021-11-08 18:42:47 --> Unable to connect to the database.
Main connection [MySQLi]: Unknown database 'ppl2'
#0 D:\xampp\htdocs\ppl-pertemuan1\vendor\codeigniter4\framework\system\Database\BaseConnection.php(570): CodeIgniter\Database\BaseConnection->initialize()
#1 D:\xampp\htdocs\ppl-pertemuan1\app\Models\m_kota.php(20): CodeIgniter\Database\BaseConnection->query('SELECT * FROM k...')
#2 D:\xampp\htdocs\ppl-pertemuan1\app\Controllers\c_kota.php(13): App\Models\m_kota->getDataKota()
#3 D:\xampp\htdocs\ppl-pertemuan1\vendor\codeigniter4\framework\system\CodeIgniter.php(802): App\Controllers\c_kota->index()
#4 D:\xampp\htdocs\ppl-pertemuan1\vendor\codeigniter4\framework\system\CodeIgniter.php(399): CodeIgniter\CodeIgniter->runController(Object(App\Controllers\c_kota))
#5 D:\xampp\htdocs\ppl-pertemuan1\vendor\codeigniter4\framework\system\CodeIgniter.php(317): CodeIgniter\CodeIgniter->handleRequest(NULL, Object(Config\Cache), false)
#6 D:\xampp\htdocs\ppl-pertemuan1\public\index.php(37): CodeIgniter\CodeIgniter->run()
#7 D:\xampp\htdocs\ppl-pertemuan1\vendor\codeigniter4\framework\system\Commands\Server\rewrite.php(43): require_once('D:\\xampp\\htdocs...')
#8 {main}
CRITICAL - 2021-11-08 20:14:00 --> Too few arguments to function App\Controllers\c_kota::viewDetailKota(), 0 passed in D:\xampp\htdocs\ppl-pertemuan1\vendor\codeigniter4\framework\system\CodeIgniter.php on line 802 and exactly 1 expected
#0 D:\xampp\htdocs\ppl-pertemuan1\vendor\codeigniter4\framework\system\CodeIgniter.php(802): App\Controllers\c_kota->viewDetailKota()
#1 D:\xampp\htdocs\ppl-pertemuan1\vendor\codeigniter4\framework\system\CodeIgniter.php(399): CodeIgniter\CodeIgniter->runController(Object(App\Controllers\c_kota))
#2 D:\xampp\htdocs\ppl-pertemuan1\vendor\codeigniter4\framework\system\CodeIgniter.php(317): CodeIgniter\CodeIgniter->handleRequest(NULL, Object(Config\Cache), false)
#3 D:\xampp\htdocs\ppl-pertemuan1\public\index.php(37): CodeIgniter\CodeIgniter->run()
#4 D:\xampp\htdocs\ppl-pertemuan1\vendor\codeigniter4\framework\system\Commands\Server\rewrite.php(43): require_once('D:\\xampp\\htdocs...')
#5 {main}
CRITICAL - 2021-11-08 20:14:47 --> Too few arguments to function App\Controllers\c_kota::viewDetailKota(), 0 passed in D:\xampp\htdocs\ppl-pertemuan1\vendor\codeigniter4\framework\system\CodeIgniter.php on line 802 and exactly 1 expected
#0 D:\xampp\htdocs\ppl-pertemuan1\vendor\codeigniter4\framework\system\CodeIgniter.php(802): App\Controllers\c_kota->viewDetailKota()
#1 D:\xampp\htdocs\ppl-pertemuan1\vendor\codeigniter4\framework\system\CodeIgniter.php(399): CodeIgniter\CodeIgniter->runController(Object(App\Controllers\c_kota))
#2 D:\xampp\htdocs\ppl-pertemuan1\vendor\codeigniter4\framework\system\CodeIgniter.php(317): CodeIgniter\CodeIgniter->handleRequest(NULL, Object(Config\Cache), false)
#3 D:\xampp\htdocs\ppl-pertemuan1\public\index.php(37): CodeIgniter\CodeIgniter->run()
#4 D:\xampp\htdocs\ppl-pertemuan1\vendor\codeigniter4\framework\system\Commands\Server\rewrite.php(43): require_once('D:\\xampp\\htdocs...')
#5 {main}
CRITICAL - 2021-11-08 20:14:50 --> Too few arguments to function App\Controllers\c_kota::viewDetailKota(), 0 passed in D:\xampp\htdocs\ppl-pertemuan1\vendor\codeigniter4\framework\system\CodeIgniter.php on line 802 and exactly 1 expected
#0 D:\xampp\htdocs\ppl-pertemuan1\vendor\codeigniter4\framework\system\CodeIgniter.php(802): App\Controllers\c_kota->viewDetailKota()
#1 D:\xampp\htdocs\ppl-pertemuan1\vendor\codeigniter4\framework\system\CodeIgniter.php(399): CodeIgniter\CodeIgniter->runController(Object(App\Controllers\c_kota))
#2 D:\xampp\htdocs\ppl-pertemuan1\vendor\codeigniter4\framework\system\CodeIgniter.php(317): CodeIgniter\CodeIgniter->handleRequest(NULL, Object(Config\Cache), false)
#3 D:\xampp\htdocs\ppl-pertemuan1\public\index.php(37): CodeIgniter\CodeIgniter->run()
#4 D:\xampp\htdocs\ppl-pertemuan1\vendor\codeigniter4\framework\system\Commands\Server\rewrite.php(43): require_once('D:\\xampp\\htdocs...')
#5 {main}
CRITICAL - 2021-11-08 20:16:03 --> Too few arguments to function App\Controllers\c_kota::viewDetailKota(), 0 passed in D:\xampp\htdocs\ppl-pertemuan1\vendor\codeigniter4\framework\system\CodeIgniter.php on line 802 and exactly 1 expected
#0 D:\xampp\htdocs\ppl-pertemuan1\vendor\codeigniter4\framework\system\CodeIgniter.php(802): App\Controllers\c_kota->viewDetailKota()
#1 D:\xampp\htdocs\ppl-pertemuan1\vendor\codeigniter4\framework\system\CodeIgniter.php(399): CodeIgniter\CodeIgniter->runController(Object(App\Controllers\c_kota))
#2 D:\xampp\htdocs\ppl-pertemuan1\vendor\codeigniter4\framework\system\CodeIgniter.php(317): CodeIgniter\CodeIgniter->handleRequest(NULL, Object(Config\Cache), false)
#3 D:\xampp\htdocs\ppl-pertemuan1\public\index.php(37): CodeIgniter\CodeIgniter->run()
#4 D:\xampp\htdocs\ppl-pertemuan1\vendor\codeigniter4\framework\system\Commands\Server\rewrite.php(43): require_once('D:\\xampp\\htdocs...')
#5 {main}
CRITICAL - 2021-11-08 20:20:12 --> Undefined property: App\Controllers\c_kota::$c_kota
#0 D:\xampp\htdocs\ppl-pertemuan1\app\Controllers\c_kota.php(37): CodeIgniter\Debug\Exceptions->errorHandler(2, 'Undefined prope...', 'D:\\xampp\\htdocs...', 37)
#1 D:\xampp\htdocs\ppl-pertemuan1\vendor\codeigniter4\framework\system\CodeIgniter.php(802): App\Controllers\c_kota->viewDetailKota('1')
#2 D:\xampp\htdocs\ppl-pertemuan1\vendor\codeigniter4\framework\system\CodeIgniter.php(399): CodeIgniter\CodeIgniter->runController(Object(App\Controllers\c_kota))
#3 D:\xampp\htdocs\ppl-pertemuan1\vendor\codeigniter4\framework\system\CodeIgniter.php(317): CodeIgniter\CodeIgniter->handleRequest(NULL, Object(Config\Cache), false)
#4 D:\xampp\htdocs\ppl-pertemuan1\public\index.php(37): CodeIgniter\CodeIgniter->run()
#5 D:\xampp\htdocs\ppl-pertemuan1\vendor\codeigniter4\framework\system\Commands\Server\rewrite.php(43): require_once('D:\\xampp\\htdocs...')
#6 {main}
CRITICAL - 2021-11-08 20:21:12 --> Undefined property: App\Controllers\c_kota::$m_kota
#0 D:\xampp\htdocs\ppl-pertemuan1\app\Controllers\c_kota.php(37): CodeIgniter\Debug\Exceptions->errorHandler(2, 'Undefined prope...', 'D:\\xampp\\htdocs...', 37)
#1 D:\xampp\htdocs\ppl-pertemuan1\vendor\codeigniter4\framework\system\CodeIgniter.php(802): App\Controllers\c_kota->viewDetailKota('1')
#2 D:\xampp\htdocs\ppl-pertemuan1\vendor\codeigniter4\framework\system\CodeIgniter.php(399): CodeIgniter\CodeIgniter->runController(Object(App\Controllers\c_kota))
#3 D:\xampp\htdocs\ppl-pertemuan1\vendor\codeigniter4\framework\system\CodeIgniter.php(317): CodeIgniter\CodeIgniter->handleRequest(NULL, Object(Config\Cache), false)
#4 D:\xampp\htdocs\ppl-pertemuan1\public\index.php(37): CodeIgniter\CodeIgniter->run()
#5 D:\xampp\htdocs\ppl-pertemuan1\vendor\codeigniter4\framework\system\Commands\Server\rewrite.php(43): require_once('D:\\xampp\\htdocs...')
#6 {main}
CRITICAL - 2021-11-08 20:23:14 --> Undefined property: App\Controllers\c_kota::$m_kota
#0 D:\xampp\htdocs\ppl-pertemuan1\app\Controllers\c_kota.php(37): CodeIgniter\Debug\Exceptions->errorHandler(2, 'Undefined prope...', 'D:\\xampp\\htdocs...', 37)
#1 D:\xampp\htdocs\ppl-pertemuan1\vendor\codeigniter4\framework\system\CodeIgniter.php(802): App\Controllers\c_kota->viewDetailKota('2')
#2 D:\xampp\htdocs\ppl-pertemuan1\vendor\codeigniter4\framework\system\CodeIgniter.php(399): CodeIgniter\CodeIgniter->runController(Object(App\Controllers\c_kota))
#3 D:\xampp\htdocs\ppl-pertemuan1\vendor\codeigniter4\framework\system\CodeIgniter.php(317): CodeIgniter\CodeIgniter->handleRequest(NULL, Object(Config\Cache), false)
#4 D:\xampp\htdocs\ppl-pertemuan1\public\index.php(37): CodeIgniter\CodeIgniter->run()
#5 D:\xampp\htdocs\ppl-pertemuan1\vendor\codeigniter4\framework\system\Commands\Server\rewrite.php(43): require_once('D:\\xampp\\htdocs...')
#6 {main}
CRITICAL - 2021-11-08 20:26:06 --> Undefined property: App\Controllers\c_kota::$m_kota
#0 D:\xampp\htdocs\ppl-pertemuan1\app\Controllers\c_kota.php(37): CodeIgniter\Debug\Exceptions->errorHandler(2, 'Undefined prope...', 'D:\\xampp\\htdocs...', 37)
#1 D:\xampp\htdocs\ppl-pertemuan1\vendor\codeigniter4\framework\system\CodeIgniter.php(802): App\Controllers\c_kota->viewDetailKota('2')
#2 D:\xampp\htdocs\ppl-pertemuan1\vendor\codeigniter4\framework\system\CodeIgniter.php(399): CodeIgniter\CodeIgniter->runController(Object(App\Controllers\c_kota))
#3 D:\xampp\htdocs\ppl-pertemuan1\vendor\codeigniter4\framework\system\CodeIgniter.php(317): CodeIgniter\CodeIgniter->handleRequest(NULL, Object(Config\Cache), false)
#4 D:\xampp\htdocs\ppl-pertemuan1\public\index.php(37): CodeIgniter\CodeIgniter->run()
#5 D:\xampp\htdocs\ppl-pertemuan1\vendor\codeigniter4\framework\system\Commands\Server\rewrite.php(43): require_once('D:\\xampp\\htdocs...')
#6 {main}
CRITICAL - 2021-11-08 20:26:09 --> Cannot use object of type stdClass as array
#0 D:\xampp\htdocs\ppl-pertemuan1\vendor\codeigniter4\framework\system\View\View.php(214): include()
#1 D:\xampp\htdocs\ppl-pertemuan1\vendor\codeigniter4\framework\system\View\View.php(217): CodeIgniter\View\View->CodeIgniter\View\{closure}()
#2 D:\xampp\htdocs\ppl-pertemuan1\vendor\codeigniter4\framework\system\Common.php(1092): CodeIgniter\View\View->render('v_kota', Array, true)
#3 D:\xampp\htdocs\ppl-pertemuan1\app\Controllers\c_kota.php(15): view('v_kota', Array)
#4 D:\xampp\htdocs\ppl-pertemuan1\vendor\codeigniter4\framework\system\CodeIgniter.php(802): App\Controllers\c_kota->index()
#5 D:\xampp\htdocs\ppl-pertemuan1\vendor\codeigniter4\framework\system\CodeIgniter.php(399): CodeIgniter\CodeIgniter->runController(Object(App\Controllers\c_kota))
#6 D:\xampp\htdocs\ppl-pertemuan1\vendor\codeigniter4\framework\system\CodeIgniter.php(317): CodeIgniter\CodeIgniter->handleRequest(NULL, Object(Config\Cache), false)
#7 D:\xampp\htdocs\ppl-pertemuan1\public\index.php(37): CodeIgniter\CodeIgniter->run()
#8 D:\xampp\htdocs\ppl-pertemuan1\vendor\codeigniter4\framework\system\Commands\Server\rewrite.php(43): require_once('D:\\xampp\\htdocs...')
#9 {main}
CRITICAL - 2021-11-08 20:26:12 --> Cannot use object of type stdClass as array
#0 D:\xampp\htdocs\ppl-pertemuan1\vendor\codeigniter4\framework\system\View\View.php(214): include()
#1 D:\xampp\htdocs\ppl-pertemuan1\vendor\codeigniter4\framework\system\View\View.php(217): CodeIgniter\View\View->CodeIgniter\View\{closure}()
#2 D:\xampp\htdocs\ppl-pertemuan1\vendor\codeigniter4\framework\system\Common.php(1092): CodeIgniter\View\View->render('v_kota', Array, true)
#3 D:\xampp\htdocs\ppl-pertemuan1\app\Controllers\c_kota.php(15): view('v_kota', Array)
#4 D:\xampp\htdocs\ppl-pertemuan1\vendor\codeigniter4\framework\system\CodeIgniter.php(802): App\Controllers\c_kota->index()
#5 D:\xampp\htdocs\ppl-pertemuan1\vendor\codeigniter4\framework\system\CodeIgniter.php(399): CodeIgniter\CodeIgniter->runController(Object(App\Controllers\c_kota))
#6 D:\xampp\htdocs\ppl-pertemuan1\vendor\codeigniter4\framework\system\CodeIgniter.php(317): CodeIgniter\CodeIgniter->handleRequest(NULL, Object(Config\Cache), false)
#7 D:\xampp\htdocs\ppl-pertemuan1\public\index.php(37): CodeIgniter\CodeIgniter->run()
#8 D:\xampp\htdocs\ppl-pertemuan1\vendor\codeigniter4\framework\system\Commands\Server\rewrite.php(43): require_once('D:\\xampp\\htdocs...')
#9 {main}
CRITICAL - 2021-11-08 20:26:25 --> Undefined property: App\Controllers\c_kota::$m_kota
#0 D:\xampp\htdocs\ppl-pertemuan1\app\Controllers\c_kota.php(37): CodeIgniter\Debug\Exceptions->errorHandler(2, 'Undefined prope...', 'D:\\xampp\\htdocs...', 37)
#1 D:\xampp\htdocs\ppl-pertemuan1\vendor\codeigniter4\framework\system\CodeIgniter.php(802): App\Controllers\c_kota->viewDetailKota('2')
#2 D:\xampp\htdocs\ppl-pertemuan1\vendor\codeigniter4\framework\system\CodeIgniter.php(399): CodeIgniter\CodeIgniter->runController(Object(App\Controllers\c_kota))
#3 D:\xampp\htdocs\ppl-pertemuan1\vendor\codeigniter4\framework\system\CodeIgniter.php(317): CodeIgniter\CodeIgniter->handleRequest(NULL, Object(Config\Cache), false)
#4 D:\xampp\htdocs\ppl-pertemuan1\public\index.php(37): CodeIgniter\CodeIgniter->run()
#5 D:\xampp\htdocs\ppl-pertemuan1\vendor\codeigniter4\framework\system\Commands\Server\rewrite.php(43): require_once('D:\\xampp\\htdocs...')
#6 {main}
CRITICAL - 2021-11-08 20:29:40 --> Undefined property: App\Controllers\c_kota::$m_kota
#0 D:\xampp\htdocs\ppl-pertemuan1\app\Controllers\c_kota.php(37): CodeIgniter\Debug\Exceptions->errorHandler(2, 'Undefined prope...', 'D:\\xampp\\htdocs...', 37)
#1 D:\xampp\htdocs\ppl-pertemuan1\vendor\codeigniter4\framework\system\CodeIgniter.php(802): App\Controllers\c_kota->viewDetailKota('2')
#2 D:\xampp\htdocs\ppl-pertemuan1\vendor\codeigniter4\framework\system\CodeIgniter.php(399): CodeIgniter\CodeIgniter->runController(Object(App\Controllers\c_kota))
#3 D:\xampp\htdocs\ppl-pertemuan1\vendor\codeigniter4\framework\system\CodeIgniter.php(317): CodeIgniter\CodeIgniter->handleRequest(NULL, Object(Config\Cache), false)
#4 D:\xampp\htdocs\ppl-pertemuan1\public\index.php(37): CodeIgniter\CodeIgniter->run()
#5 D:\xampp\htdocs\ppl-pertemuan1\vendor\codeigniter4\framework\system\Commands\Server\rewrite.php(43): require_once('D:\\xampp\\htdocs...')
#6 {main}
CRITICAL - 2021-11-08 20:29:42 --> Undefined property: App\Controllers\c_kota::$m_kota
#0 D:\xampp\htdocs\ppl-pertemuan1\app\Controllers\c_kota.php(37): CodeIgniter\Debug\Exceptions->errorHandler(2, 'Undefined prope...', 'D:\\xampp\\htdocs...', 37)
#1 D:\xampp\htdocs\ppl-pertemuan1\vendor\codeigniter4\framework\system\CodeIgniter.php(802): App\Controllers\c_kota->viewDetailKota('2')
#2 D:\xampp\htdocs\ppl-pertemuan1\vendor\codeigniter4\framework\system\CodeIgniter.php(399): CodeIgniter\CodeIgniter->runController(Object(App\Controllers\c_kota))
#3 D:\xampp\htdocs\ppl-pertemuan1\vendor\codeigniter4\framework\system\CodeIgniter.php(317): CodeIgniter\CodeIgniter->handleRequest(NULL, Object(Config\Cache), false)
#4 D:\xampp\htdocs\ppl-pertemuan1\public\index.php(37): CodeIgniter\CodeIgniter->run()
#5 D:\xampp\htdocs\ppl-pertemuan1\vendor\codeigniter4\framework\system\Commands\Server\rewrite.php(43): require_once('D:\\xampp\\htdocs...')
#6 {main}
CRITICAL - 2021-11-08 20:34:16 --> Too few arguments to function App\Controllers\c_kota::viewDetailKota(), 0 passed in D:\xampp\htdocs\ppl-pertemuan1\vendor\codeigniter4\framework\system\CodeIgniter.php on line 802 and exactly 1 expected
#0 D:\xampp\htdocs\ppl-pertemuan1\vendor\codeigniter4\framework\system\CodeIgniter.php(802): App\Controllers\c_kota->viewDetailKota()
#1 D:\xampp\htdocs\ppl-pertemuan1\vendor\codeigniter4\framework\system\CodeIgniter.php(399): CodeIgniter\CodeIgniter->runController(Object(App\Controllers\c_kota))
#2 D:\xampp\htdocs\ppl-pertemuan1\vendor\codeigniter4\framework\system\CodeIgniter.php(317): CodeIgniter\CodeIgniter->handleRequest(NULL, Object(Config\Cache), false)
#3 D:\xampp\htdocs\ppl-pertemuan1\public\index.php(37): CodeIgniter\CodeIgniter->run()
#4 D:\xampp\htdocs\ppl-pertemuan1\vendor\codeigniter4\framework\system\Commands\Server\rewrite.php(43): require_once('D:\\xampp\\htdocs...')
#5 {main}
CRITICAL - 2021-11-08 20:34:19 --> CodeIgniter\Database\BaseResult::getResult(): Argument #1 ($type) must be of type string, null given, called in D:\xampp\htdocs\ppl-pertemuan1\vendor\codeigniter4\framework\system\Model.php on line 184
#0 D:\xampp\htdocs\ppl-pertemuan1\vendor\codeigniter4\framework\system\Model.php(184): CodeIgniter\Database\BaseResult->getResult(NULL)
#1 D:\xampp\htdocs\ppl-pertemuan1\vendor\codeigniter4\framework\system\BaseModel.php(584): CodeIgniter\Model->doFindAll(0, 0)
#2 D:\xampp\htdocs\ppl-pertemuan1\app\Models\m_kota.php(31): CodeIgniter\BaseModel->findAll()
#3 D:\xampp\htdocs\ppl-pertemuan1\app\Controllers\c_kota.php(13): App\Models\m_kota->getKota()
#4 D:\xampp\htdocs\ppl-pertemuan1\vendor\codeigniter4\framework\system\CodeIgniter.php(802): App\Controllers\c_kota->index()
#5 D:\xampp\htdocs\ppl-pertemuan1\vendor\codeigniter4\framework\system\CodeIgniter.php(399): CodeIgniter\CodeIgniter->runController(Object(App\Controllers\c_kota))
#6 D:\xampp\htdocs\ppl-pertemuan1\vendor\codeigniter4\framework\system\CodeIgniter.php(317): CodeIgniter\CodeIgniter->handleRequest(NULL, Object(Config\Cache), false)
#7 D:\xampp\htdocs\ppl-pertemuan1\public\index.php(37): CodeIgniter\CodeIgniter->run()
#8 D:\xampp\htdocs\ppl-pertemuan1\vendor\codeigniter4\framework\system\Commands\Server\rewrite.php(43): require_once('D:\\xampp\\htdocs...')
#9 {main}
CRITICAL - 2021-11-08 20:36:18 --> Undefined property: App\Controllers\c_kota::$m_kota
#0 D:\xampp\htdocs\ppl-pertemuan1\app\Controllers\c_kota.php(37): CodeIgniter\Debug\Exceptions->errorHandler(2, 'Undefined prope...', 'D:\\xampp\\htdocs...', 37)
#1 D:\xampp\htdocs\ppl-pertemuan1\vendor\codeigniter4\framework\system\CodeIgniter.php(802): App\Controllers\c_kota->viewDetailKota('2')
#2 D:\xampp\htdocs\ppl-pertemuan1\vendor\codeigniter4\framework\system\CodeIgniter.php(399): CodeIgniter\CodeIgniter->runController(Object(App\Controllers\c_kota))
#3 D:\xampp\htdocs\ppl-pertemuan1\vendor\codeigniter4\framework\system\CodeIgniter.php(317): CodeIgniter\CodeIgniter->handleRequest(NULL, Object(Config\Cache), false)
#4 D:\xampp\htdocs\ppl-pertemuan1\public\index.php(37): CodeIgniter\CodeIgniter->run()
#5 D:\xampp\htdocs\ppl-pertemuan1\vendor\codeigniter4\framework\system\Commands\Server\rewrite.php(43): require_once('D:\\xampp\\htdocs...')
#6 {main}
CRITICAL - 2021-11-08 20:37:30 --> Undefined property: App\Controllers\c_kota::$load
#0 D:\xampp\htdocs\ppl-pertemuan1\app\Controllers\c_kota.php(37): CodeIgniter\Debug\Exceptions->errorHandler(2, 'Undefined prope...', 'D:\\xampp\\htdocs...', 37)
#1 D:\xampp\htdocs\ppl-pertemuan1\vendor\codeigniter4\framework\system\CodeIgniter.php(802): App\Controllers\c_kota->viewDetailKota('2')
#2 D:\xampp\htdocs\ppl-pertemuan1\vendor\codeigniter4\framework\system\CodeIgniter.php(399): CodeIgniter\CodeIgniter->runController(Object(App\Controllers\c_kota))
#3 D:\xampp\htdocs\ppl-pertemuan1\vendor\codeigniter4\framework\system\CodeIgniter.php(317): CodeIgniter\CodeIgniter->handleRequest(NULL, Object(Config\Cache), false)
#4 D:\xampp\htdocs\ppl-pertemuan1\public\index.php(37): CodeIgniter\CodeIgniter->run()
#5 D:\xampp\htdocs\ppl-pertemuan1\vendor\codeigniter4\framework\system\Commands\Server\rewrite.php(43): require_once('D:\\xampp\\htdocs...')
#6 {main}
CRITICAL - 2021-11-08 20:45:42 --> CodeIgniter\Database\BaseResult::getFirstRow(): Argument #1 ($type) must be of type string, null given, called in D:\xampp\htdocs\ppl-pertemuan1\vendor\codeigniter4\framework\system\Model.php on line 210
#0 D:\xampp\htdocs\ppl-pertemuan1\vendor\codeigniter4\framework\system\Model.php(210): CodeIgniter\Database\BaseResult->getFirstRow(NULL)
#1 D:\xampp\htdocs\ppl-pertemuan1\vendor\codeigniter4\framework\system\BaseModel.php(622): CodeIgniter\Model->doFirst()
#2 D:\xampp\htdocs\ppl-pertemuan1\app\Models\m_kota.php(30): CodeIgniter\BaseModel->first()
#3 D:\xampp\htdocs\ppl-pertemuan1\app\Controllers\c_kota.php(41): App\Models\m_kota->getKota('2')
#4 D:\xampp\htdocs\ppl-pertemuan1\vendor\codeigniter4\framework\system\CodeIgniter.php(802): App\Controllers\c_kota->viewDetailKota('2')
#5 D:\xampp\htdocs\ppl-pertemuan1\vendor\codeigniter4\framework\system\CodeIgniter.php(399): CodeIgniter\CodeIgniter->runController(Object(App\Controllers\c_kota))
#6 D:\xampp\htdocs\ppl-pertemuan1\vendor\codeigniter4\framework\system\CodeIgniter.php(317): CodeIgniter\CodeIgniter->handleRequest(NULL, Object(Config\Cache), false)
#7 D:\xampp\htdocs\ppl-pertemuan1\public\index.php(37): CodeIgniter\CodeIgniter->run()
#8 D:\xampp\htdocs\ppl-pertemuan1\vendor\codeigniter4\framework\system\Commands\Server\rewrite.php(43): require_once('D:\\xampp\\htdocs...')
#9 {main}
CRITICAL - 2021-11-08 20:47:37 --> CodeIgniter\Database\BaseResult::getFirstRow(): Argument #1 ($type) must be of type string, null given, called in D:\xampp\htdocs\ppl-pertemuan1\vendor\codeigniter4\framework\system\Model.php on line 210
#0 D:\xampp\htdocs\ppl-pertemuan1\vendor\codeigniter4\framework\system\Model.php(210): CodeIgniter\Database\BaseResult->getFirstRow(NULL)
#1 D:\xampp\htdocs\ppl-pertemuan1\vendor\codeigniter4\framework\system\BaseModel.php(622): CodeIgniter\Model->doFirst()
#2 D:\xampp\htdocs\ppl-pertemuan1\app\Controllers\c_kota.php(41): CodeIgniter\BaseModel->first()
#3 D:\xampp\htdocs\ppl-pertemuan1\vendor\codeigniter4\framework\system\CodeIgniter.php(802): App\Controllers\c_kota->viewDetailKota('2')
#4 D:\xampp\htdocs\ppl-pertemuan1\vendor\codeigniter4\framework\system\CodeIgniter.php(399): CodeIgniter\CodeIgniter->runController(Object(App\Controllers\c_kota))
#5 D:\xampp\htdocs\ppl-pertemuan1\vendor\codeigniter4\framework\system\CodeIgniter.php(317): CodeIgniter\CodeIgniter->handleRequest(NULL, Object(Config\Cache), false)
#6 D:\xampp\htdocs\ppl-pertemuan1\public\index.php(37): CodeIgniter\CodeIgniter->run()
#7 D:\xampp\htdocs\ppl-pertemuan1\vendor\codeigniter4\framework\system\Commands\Server\rewrite.php(43): require_once('D:\\xampp\\htdocs...')
#8 {main}
CRITICAL - 2021-11-08 20:48:47 --> CodeIgniter\Database\BaseResult::getFirstRow(): Argument #1 ($type) must be of type string, null given, called in D:\xampp\htdocs\ppl-pertemuan1\vendor\codeigniter4\framework\system\Model.php on line 210
#0 D:\xampp\htdocs\ppl-pertemuan1\vendor\codeigniter4\framework\system\Model.php(210): CodeIgniter\Database\BaseResult->getFirstRow(NULL)
#1 D:\xampp\htdocs\ppl-pertemuan1\vendor\codeigniter4\framework\system\BaseModel.php(622): CodeIgniter\Model->doFirst()
#2 D:\xampp\htdocs\ppl-pertemuan1\app\Controllers\c_kota.php(41): CodeIgniter\BaseModel->first()
#3 D:\xampp\htdocs\ppl-pertemuan1\vendor\codeigniter4\framework\system\CodeIgniter.php(802): App\Controllers\c_kota->viewDetailKota('2')
#4 D:\xampp\htdocs\ppl-pertemuan1\vendor\codeigniter4\framework\system\CodeIgniter.php(399): CodeIgniter\CodeIgniter->runController(Object(App\Controllers\c_kota))
#5 D:\xampp\htdocs\ppl-pertemuan1\vendor\codeigniter4\framework\system\CodeIgniter.php(317): CodeIgniter\CodeIgniter->handleRequest(NULL, Object(Config\Cache), false)
#6 D:\xampp\htdocs\ppl-pertemuan1\public\index.php(37): CodeIgniter\CodeIgniter->run()
#7 D:\xampp\htdocs\ppl-pertemuan1\vendor\codeigniter4\framework\system\Commands\Server\rewrite.php(43): require_once('D:\\xampp\\htdocs...')
#8 {main}
CRITICAL - 2021-11-08 20:48:53 --> CodeIgniter\Database\BaseResult::getFirstRow(): Argument #1 ($type) must be of type string, null given, called in D:\xampp\htdocs\ppl-pertemuan1\vendor\codeigniter4\framework\system\Model.php on line 210
#0 D:\xampp\htdocs\ppl-pertemuan1\vendor\codeigniter4\framework\system\Model.php(210): CodeIgniter\Database\BaseResult->getFirstRow(NULL)
#1 D:\xampp\htdocs\ppl-pertemuan1\vendor\codeigniter4\framework\system\BaseModel.php(622): CodeIgniter\Model->doFirst()
#2 D:\xampp\htdocs\ppl-pertemuan1\app\Controllers\c_kota.php(41): CodeIgniter\BaseModel->first()
#3 D:\xampp\htdocs\ppl-pertemuan1\vendor\codeigniter4\framework\system\CodeIgniter.php(802): App\Controllers\c_kota->viewDetailKota('2')
#4 D:\xampp\htdocs\ppl-pertemuan1\vendor\codeigniter4\framework\system\CodeIgniter.php(399): CodeIgniter\CodeIgniter->runController(Object(App\Controllers\c_kota))
#5 D:\xampp\htdocs\ppl-pertemuan1\vendor\codeigniter4\framework\system\CodeIgniter.php(317): CodeIgniter\CodeIgniter->handleRequest(NULL, Object(Config\Cache), false)
#6 D:\xampp\htdocs\ppl-pertemuan1\public\index.php(37): CodeIgniter\CodeIgniter->run()
#7 D:\xampp\htdocs\ppl-pertemuan1\vendor\codeigniter4\framework\system\Commands\Server\rewrite.php(43): require_once('D:\\xampp\\htdocs...')
#8 {main}
CRITICAL - 2021-11-08 20:49:26 --> CodeIgniter\Database\BaseResult::getFirstRow(): Argument #1 ($type) must be of type string, null given, called in D:\xampp\htdocs\ppl-pertemuan1\vendor\codeigniter4\framework\system\Model.php on line 210
#0 D:\xampp\htdocs\ppl-pertemuan1\vendor\codeigniter4\framework\system\Model.php(210): CodeIgniter\Database\BaseResult->getFirstRow(NULL)
#1 D:\xampp\htdocs\ppl-pertemuan1\vendor\codeigniter4\framework\system\BaseModel.php(622): CodeIgniter\Model->doFirst()
#2 D:\xampp\htdocs\ppl-pertemuan1\app\Controllers\c_kota.php(41): CodeIgniter\BaseModel->first()
#3 D:\xampp\htdocs\ppl-pertemuan1\vendor\codeigniter4\framework\system\CodeIgniter.php(802): App\Controllers\c_kota->viewDetailKota('2')
#4 D:\xampp\htdocs\ppl-pertemuan1\vendor\codeigniter4\framework\system\CodeIgniter.php(399): CodeIgniter\CodeIgniter->runController(Object(App\Controllers\c_kota))
#5 D:\xampp\htdocs\ppl-pertemuan1\vendor\codeigniter4\framework\system\CodeIgniter.php(317): CodeIgniter\CodeIgniter->handleRequest(NULL, Object(Config\Cache), false)
#6 D:\xampp\htdocs\ppl-pertemuan1\public\index.php(37): CodeIgniter\CodeIgniter->run()
#7 D:\xampp\htdocs\ppl-pertemuan1\vendor\codeigniter4\framework\system\Commands\Server\rewrite.php(43): require_once('D:\\xampp\\htdocs...')
#8 {main}
CRITICAL - 2021-11-08 20:50:30 --> CodeIgniter\Database\BaseResult::getFirstRow(): Argument #1 ($type) must be of type string, null given, called in D:\xampp\htdocs\ppl-pertemuan1\vendor\codeigniter4\framework\system\Model.php on line 210
#0 D:\xampp\htdocs\ppl-pertemuan1\vendor\codeigniter4\framework\system\Model.php(210): CodeIgniter\Database\BaseResult->getFirstRow(NULL)
#1 D:\xampp\htdocs\ppl-pertemuan1\vendor\codeigniter4\framework\system\BaseModel.php(622): CodeIgniter\Model->doFirst()
#2 D:\xampp\htdocs\ppl-pertemuan1\app\Controllers\c_kota.php(41): CodeIgniter\BaseModel->first()
#3 D:\xampp\htdocs\ppl-pertemuan1\vendor\codeigniter4\framework\system\CodeIgniter.php(802): App\Controllers\c_kota->viewDetailKota('2')
#4 D:\xampp\htdocs\ppl-pertemuan1\vendor\codeigniter4\framework\system\CodeIgniter.php(399): CodeIgniter\CodeIgniter->runController(Object(App\Controllers\c_kota))
#5 D:\xampp\htdocs\ppl-pertemuan1\vendor\codeigniter4\framework\system\CodeIgniter.php(317): CodeIgniter\CodeIgniter->handleRequest(NULL, Object(Config\Cache), false)
#6 D:\xampp\htdocs\ppl-pertemuan1\public\index.php(37): CodeIgniter\CodeIgniter->run()
#7 D:\xampp\htdocs\ppl-pertemuan1\vendor\codeigniter4\framework\system\Commands\Server\rewrite.php(43): require_once('D:\\xampp\\htdocs...')
#8 {main}
CRITICAL - 2021-11-08 20:51:10 --> Cannot use object of type stdClass as array
#0 D:\xampp\htdocs\ppl-pertemuan1\vendor\codeigniter4\framework\system\View\View.php(214): include()
#1 D:\xampp\htdocs\ppl-pertemuan1\vendor\codeigniter4\framework\system\View\View.php(217): CodeIgniter\View\View->CodeIgniter\View\{closure}()
#2 D:\xampp\htdocs\ppl-pertemuan1\vendor\codeigniter4\framework\system\Common.php(1092): CodeIgniter\View\View->render('v_kota', Array, true)
#3 D:\xampp\htdocs\ppl-pertemuan1\app\Controllers\c_kota.php(19): view('v_kota', Array)
#4 D:\xampp\htdocs\ppl-pertemuan1\vendor\codeigniter4\framework\system\CodeIgniter.php(802): App\Controllers\c_kota->index()
#5 D:\xampp\htdocs\ppl-pertemuan1\vendor\codeigniter4\framework\system\CodeIgniter.php(399): CodeIgniter\CodeIgniter->runController(Object(App\Controllers\c_kota))
#6 D:\xampp\htdocs\ppl-pertemuan1\vendor\codeigniter4\framework\system\CodeIgniter.php(317): CodeIgniter\CodeIgniter->handleRequest(NULL, Object(Config\Cache), false)
#7 D:\xampp\htdocs\ppl-pertemuan1\public\index.php(37): CodeIgniter\CodeIgniter->run()
#8 D:\xampp\htdocs\ppl-pertemuan1\vendor\codeigniter4\framework\system\Commands\Server\rewrite.php(43): require_once('D:\\xampp\\htdocs...')
#9 {main}
CRITICAL - 2021-11-08 20:53:14 --> CodeIgniter\Database\BaseResult::getFirstRow(): Argument #1 ($type) must be of type string, null given, called in D:\xampp\htdocs\ppl-pertemuan1\vendor\codeigniter4\framework\system\Model.php on line 210
#0 D:\xampp\htdocs\ppl-pertemuan1\vendor\codeigniter4\framework\system\Model.php(210): CodeIgniter\Database\BaseResult->getFirstRow(NULL)
#1 D:\xampp\htdocs\ppl-pertemuan1\vendor\codeigniter4\framework\system\BaseModel.php(622): CodeIgniter\Model->doFirst()
#2 D:\xampp\htdocs\ppl-pertemuan1\app\Controllers\c_kota.php(41): CodeIgniter\BaseModel->first()
#3 D:\xampp\htdocs\ppl-pertemuan1\vendor\codeigniter4\framework\system\CodeIgniter.php(802): App\Controllers\c_kota->viewDetailKota('2')
#4 D:\xampp\htdocs\ppl-pertemuan1\vendor\codeigniter4\framework\system\CodeIgniter.php(399): CodeIgniter\CodeIgniter->runController(Object(App\Controllers\c_kota))
#5 D:\xampp\htdocs\ppl-pertemuan1\vendor\codeigniter4\framework\system\CodeIgniter.php(317): CodeIgniter\CodeIgniter->handleRequest(NULL, Object(Config\Cache), false)
#6 D:\xampp\htdocs\ppl-pertemuan1\public\index.php(37): CodeIgniter\CodeIgniter->run()
#7 D:\xampp\htdocs\ppl-pertemuan1\vendor\codeigniter4\framework\system\Commands\Server\rewrite.php(43): require_once('D:\\xampp\\htdocs...')
#8 {main}
CRITICAL - 2021-11-08 20:54:51 --> CodeIgniter\Database\BaseResult::getFirstRow(): Argument #1 ($type) must be of type string, null given, called in D:\xampp\htdocs\ppl-pertemuan1\vendor\codeigniter4\framework\system\Model.php on line 210
#0 D:\xampp\htdocs\ppl-pertemuan1\vendor\codeigniter4\framework\system\Model.php(210): CodeIgniter\Database\BaseResult->getFirstRow(NULL)
#1 D:\xampp\htdocs\ppl-pertemuan1\vendor\codeigniter4\framework\system\BaseModel.php(622): CodeIgniter\Model->doFirst()
#2 D:\xampp\htdocs\ppl-pertemuan1\app\Controllers\c_kota.php(41): CodeIgniter\BaseModel->first()
#3 D:\xampp\htdocs\ppl-pertemuan1\vendor\codeigniter4\framework\system\CodeIgniter.php(802): App\Controllers\c_kota->viewDetailKota('2')
#4 D:\xampp\htdocs\ppl-pertemuan1\vendor\codeigniter4\framework\system\CodeIgniter.php(399): CodeIgniter\CodeIgniter->runController(Object(App\Controllers\c_kota))
#5 D:\xampp\htdocs\ppl-pertemuan1\vendor\codeigniter4\framework\system\CodeIgniter.php(317): CodeIgniter\CodeIgniter->handleRequest(NULL, Object(Config\Cache), false)
#6 D:\xampp\htdocs\ppl-pertemuan1\public\index.php(37): CodeIgniter\CodeIgniter->run()
#7 D:\xampp\htdocs\ppl-pertemuan1\vendor\codeigniter4\framework\system\Commands\Server\rewrite.php(43): require_once('D:\\xampp\\htdocs...')
#8 {main}
CRITICAL - 2021-11-08 20:55:00 --> CodeIgniter\Database\BaseResult::getFirstRow(): Argument #1 ($type) must be of type string, null given, called in D:\xampp\htdocs\ppl-pertemuan1\vendor\codeigniter4\framework\system\Model.php on line 210
#0 D:\xampp\htdocs\ppl-pertemuan1\vendor\codeigniter4\framework\system\Model.php(210): CodeIgniter\Database\BaseResult->getFirstRow(NULL)
#1 D:\xampp\htdocs\ppl-pertemuan1\vendor\codeigniter4\framework\system\BaseModel.php(622): CodeIgniter\Model->doFirst()
#2 D:\xampp\htdocs\ppl-pertemuan1\app\Controllers\c_kota.php(41): CodeIgniter\BaseModel->first()
#3 D:\xampp\htdocs\ppl-pertemuan1\vendor\codeigniter4\framework\system\CodeIgniter.php(802): App\Controllers\c_kota->viewDetailKota('2')
#4 D:\xampp\htdocs\ppl-pertemuan1\vendor\codeigniter4\framework\system\CodeIgniter.php(399): CodeIgniter\CodeIgniter->runController(Object(App\Controllers\c_kota))
#5 D:\xampp\htdocs\ppl-pertemuan1\vendor\codeigniter4\framework\system\CodeIgniter.php(317): CodeIgniter\CodeIgniter->handleRequest(NULL, Object(Config\Cache), false)
#6 D:\xampp\htdocs\ppl-pertemuan1\public\index.php(37): CodeIgniter\CodeIgniter->run()
#7 D:\xampp\htdocs\ppl-pertemuan1\vendor\codeigniter4\framework\system\Commands\Server\rewrite.php(43): require_once('D:\\xampp\\htdocs...')
#8 {main}
CRITICAL - 2021-11-08 20:55:04 --> Too few arguments to function App\Controllers\c_kota::viewDetailKota(), 0 passed in D:\xampp\htdocs\ppl-pertemuan1\vendor\codeigniter4\framework\system\CodeIgniter.php on line 802 and exactly 1 expected
#0 D:\xampp\htdocs\ppl-pertemuan1\vendor\codeigniter4\framework\system\CodeIgniter.php(802): App\Controllers\c_kota->viewDetailKota()
#1 D:\xampp\htdocs\ppl-pertemuan1\vendor\codeigniter4\framework\system\CodeIgniter.php(399): CodeIgniter\CodeIgniter->runController(Object(App\Controllers\c_kota))
#2 D:\xampp\htdocs\ppl-pertemuan1\vendor\codeigniter4\framework\system\CodeIgniter.php(317): CodeIgniter\CodeIgniter->handleRequest(NULL, Object(Config\Cache), false)
#3 D:\xampp\htdocs\ppl-pertemuan1\public\index.php(37): CodeIgniter\CodeIgniter->run()
#4 D:\xampp\htdocs\ppl-pertemuan1\vendor\codeigniter4\framework\system\Commands\Server\rewrite.php(43): require_once('D:\\xampp\\htdocs...')
#5 {main}
CRITICAL - 2021-11-08 20:56:13 --> Too few arguments to function App\Controllers\c_kota::viewDetailKota(), 0 passed in D:\xampp\htdocs\ppl-pertemuan1\vendor\codeigniter4\framework\system\CodeIgniter.php on line 802 and exactly 1 expected
#0 D:\xampp\htdocs\ppl-pertemuan1\vendor\codeigniter4\framework\system\CodeIgniter.php(802): App\Controllers\c_kota->viewDetailKota()
#1 D:\xampp\htdocs\ppl-pertemuan1\vendor\codeigniter4\framework\system\CodeIgniter.php(399): CodeIgniter\CodeIgniter->runController(Object(App\Controllers\c_kota))
#2 D:\xampp\htdocs\ppl-pertemuan1\vendor\codeigniter4\framework\system\CodeIgniter.php(317): CodeIgniter\CodeIgniter->handleRequest(NULL, Object(Config\Cache), false)
#3 D:\xampp\htdocs\ppl-pertemuan1\public\index.php(37): CodeIgniter\CodeIgniter->run()
#4 D:\xampp\htdocs\ppl-pertemuan1\vendor\codeigniter4\framework\system\Commands\Server\rewrite.php(43): require_once('D:\\xampp\\htdocs...')
#5 {main}
CRITICAL - 2021-11-08 20:56:16 --> Too few arguments to function App\Controllers\c_kota::viewDetailKota(), 0 passed in D:\xampp\htdocs\ppl-pertemuan1\vendor\codeigniter4\framework\system\CodeIgniter.php on line 802 and exactly 1 expected
#0 D:\xampp\htdocs\ppl-pertemuan1\vendor\codeigniter4\framework\system\CodeIgniter.php(802): App\Controllers\c_kota->viewDetailKota()
#1 D:\xampp\htdocs\ppl-pertemuan1\vendor\codeigniter4\framework\system\CodeIgniter.php(399): CodeIgniter\CodeIgniter->runController(Object(App\Controllers\c_kota))
#2 D:\xampp\htdocs\ppl-pertemuan1\vendor\codeigniter4\framework\system\CodeIgniter.php(317): CodeIgniter\CodeIgniter->handleRequest(NULL, Object(Config\Cache), false)
#3 D:\xampp\htdocs\ppl-pertemuan1\public\index.php(37): CodeIgniter\CodeIgniter->run()
#4 D:\xampp\htdocs\ppl-pertemuan1\vendor\codeigniter4\framework\system\Commands\Server\rewrite.php(43): require_once('D:\\xampp\\htdocs...')
#5 {main}
CRITICAL - 2021-11-08 20:58:23 --> CodeIgniter\Database\BaseResult::getFirstRow(): Argument #1 ($type) must be of type string, null given, called in D:\xampp\htdocs\ppl-pertemuan1\vendor\codeigniter4\framework\system\Model.php on line 210
#0 D:\xampp\htdocs\ppl-pertemuan1\vendor\codeigniter4\framework\system\Model.php(210): CodeIgniter\Database\BaseResult->getFirstRow(NULL)
#1 D:\xampp\htdocs\ppl-pertemuan1\vendor\codeigniter4\framework\system\BaseModel.php(622): CodeIgniter\Model->doFirst()
#2 D:\xampp\htdocs\ppl-pertemuan1\app\Controllers\c_kota.php(41): CodeIgniter\BaseModel->first()
#3 D:\xampp\htdocs\ppl-pertemuan1\vendor\codeigniter4\framework\system\CodeIgniter.php(802): App\Controllers\c_kota->viewDetailKota('2')
#4 D:\xampp\htdocs\ppl-pertemuan1\vendor\codeigniter4\framework\system\CodeIgniter.php(399): CodeIgniter\CodeIgniter->runController(Object(App\Controllers\c_kota))
#5 D:\xampp\htdocs\ppl-pertemuan1\vendor\codeigniter4\framework\system\CodeIgniter.php(317): CodeIgniter\CodeIgniter->handleRequest(NULL, Object(Config\Cache), false)
#6 D:\xampp\htdocs\ppl-pertemuan1\public\index.php(37): CodeIgniter\CodeIgniter->run()
#7 D:\xampp\htdocs\ppl-pertemuan1\vendor\codeigniter4\framework\system\Commands\Server\rewrite.php(43): require_once('D:\\xampp\\htdocs...')
#8 {main}
CRITICAL - 2021-11-08 21:01:12 --> CodeIgniter\Database\BaseResult::getFirstRow(): Argument #1 ($type) must be of type string, null given, called in D:\xampp\htdocs\ppl-pertemuan1\vendor\codeigniter4\framework\system\Model.php on line 210
#0 D:\xampp\htdocs\ppl-pertemuan1\vendor\codeigniter4\framework\system\Model.php(210): CodeIgniter\Database\BaseResult->getFirstRow(NULL)
#1 D:\xampp\htdocs\ppl-pertemuan1\vendor\codeigniter4\framework\system\BaseModel.php(622): CodeIgniter\Model->doFirst()
#2 D:\xampp\htdocs\ppl-pertemuan1\app\Controllers\c_kota.php(41): CodeIgniter\BaseModel->first()
#3 D:\xampp\htdocs\ppl-pertemuan1\vendor\codeigniter4\framework\system\CodeIgniter.php(802): App\Controllers\c_kota->viewDetailKota('2')
#4 D:\xampp\htdocs\ppl-pertemuan1\vendor\codeigniter4\framework\system\CodeIgniter.php(399): CodeIgniter\CodeIgniter->runController(Object(App\Controllers\c_kota))
#5 D:\xampp\htdocs\ppl-pertemuan1\vendor\codeigniter4\framework\system\CodeIgniter.php(317): CodeIgniter\CodeIgniter->handleRequest(NULL, Object(Config\Cache), false)
#6 D:\xampp\htdocs\ppl-pertemuan1\public\index.php(37): CodeIgniter\CodeIgniter->run()
#7 D:\xampp\htdocs\ppl-pertemuan1\vendor\codeigniter4\framework\system\Commands\Server\rewrite.php(43): require_once('D:\\xampp\\htdocs...')
#8 {main}
CRITICAL - 2021-11-08 21:01:15 --> CodeIgniter\Database\BaseResult::getFirstRow(): Argument #1 ($type) must be of type string, null given, called in D:\xampp\htdocs\ppl-pertemuan1\vendor\codeigniter4\framework\system\Model.php on line 210
#0 D:\xampp\htdocs\ppl-pertemuan1\vendor\codeigniter4\framework\system\Model.php(210): CodeIgniter\Database\BaseResult->getFirstRow(NULL)
#1 D:\xampp\htdocs\ppl-pertemuan1\vendor\codeigniter4\framework\system\BaseModel.php(622): CodeIgniter\Model->doFirst()
#2 D:\xampp\htdocs\ppl-pertemuan1\app\Controllers\c_kota.php(41): CodeIgniter\BaseModel->first()
#3 D:\xampp\htdocs\ppl-pertemuan1\vendor\codeigniter4\framework\system\CodeIgniter.php(802): App\Controllers\c_kota->viewDetailKota('2')
#4 D:\xampp\htdocs\ppl-pertemuan1\vendor\codeigniter4\framework\system\CodeIgniter.php(399): CodeIgniter\CodeIgniter->runController(Object(App\Controllers\c_kota))
#5 D:\xampp\htdocs\ppl-pertemuan1\vendor\codeigniter4\framework\system\CodeIgniter.php(317): CodeIgniter\CodeIgniter->handleRequest(NULL, Object(Config\Cache), false)
#6 D:\xampp\htdocs\ppl-pertemuan1\public\index.php(37): CodeIgniter\CodeIgniter->run()
#7 D:\xampp\htdocs\ppl-pertemuan1\vendor\codeigniter4\framework\system\Commands\Server\rewrite.php(43): require_once('D:\\xampp\\htdocs...')
#8 {main}
CRITICAL - 2021-11-08 21:08:46 --> Undefined variable $row
#0 D:\xampp\htdocs\ppl-pertemuan1\app\Views\v_detail.php(4): CodeIgniter\Debug\Exceptions->errorHandler(2, 'Undefined varia...', 'D:\\xampp\\htdocs...', 4)
#1 D:\xampp\htdocs\ppl-pertemuan1\vendor\codeigniter4\framework\system\View\View.php(214): include('D:\\xampp\\htdocs...')
#2 D:\xampp\htdocs\ppl-pertemuan1\vendor\codeigniter4\framework\system\View\View.php(217): CodeIgniter\View\View->CodeIgniter\View\{closure}()
#3 D:\xampp\htdocs\ppl-pertemuan1\vendor\codeigniter4\framework\system\Common.php(1092): CodeIgniter\View\View->render('v_detail', Array, true)
#4 D:\xampp\htdocs\ppl-pertemuan1\app\Controllers\c_kota.php(45): view('v_detail', Array)
#5 D:\xampp\htdocs\ppl-pertemuan1\vendor\codeigniter4\framework\system\CodeIgniter.php(802): App\Controllers\c_kota->viewDetailKota('2')
#6 D:\xampp\htdocs\ppl-pertemuan1\vendor\codeigniter4\framework\system\CodeIgniter.php(399): CodeIgniter\CodeIgniter->runController(Object(App\Controllers\c_kota))
#7 D:\xampp\htdocs\ppl-pertemuan1\vendor\codeigniter4\framework\system\CodeIgniter.php(317): CodeIgniter\CodeIgniter->handleRequest(NULL, Object(Config\Cache), false)
#8 D:\xampp\htdocs\ppl-pertemuan1\public\index.php(37): CodeIgniter\CodeIgniter->run()
#9 D:\xampp\htdocs\ppl-pertemuan1\vendor\codeigniter4\framework\system\Commands\Server\rewrite.php(43): require_once('D:\\xampp\\htdocs...')
#10 {main}
