CRITICAL - 2021-10-25 21:01:32 --> Invalid file: view-c_mahasiswa.php
#0 D:\xampp\htdocs\ppl-pertemuan1\vendor\codeigniter4\framework\system\View\View.php(198): CodeIgniter\Exceptions\FrameworkException::forInvalidFile('view-c_mahasisw...')
#1 D:\xampp\htdocs\ppl-pertemuan1\vendor\codeigniter4\framework\system\Common.php(1092): CodeIgniter\View\View->render('view-c_mahasisw...', Array, true)
#2 D:\xampp\htdocs\ppl-pertemuan1\app\Controllers\c_mahasiswa.php(9): view('view-c_mahasisw...')
#3 D:\xampp\htdocs\ppl-pertemuan1\vendor\codeigniter4\framework\system\CodeIgniter.php(802): App\Controllers\c_mahasiswa->display()
#4 D:\xampp\htdocs\ppl-pertemuan1\vendor\codeigniter4\framework\system\CodeIgniter.php(399): CodeIgniter\CodeIgniter->runController(Object(App\Controllers\c_mahasiswa))
#5 D:\xampp\htdocs\ppl-pertemuan1\vendor\codeigniter4\framework\system\CodeIgniter.php(317): CodeIgniter\CodeIgniter->handleRequest(NULL, Object(Config\Cache), false)
#6 D:\xampp\htdocs\ppl-pertemuan1\public\index.php(37): CodeIgniter\CodeIgniter->run()
#7 D:\xampp\htdocs\ppl-pertemuan1\vendor\codeigniter4\framework\system\Commands\Server\rewrite.php(43): require_once('D:\\xampp\\htdocs...')
#8 {main}
CRITICAL - 2021-10-25 21:34:48 --> Class "Codeigniter\Model" not found
#0 D:\xampp\htdocs\ppl-pertemuan1\vendor\codeigniter4\framework\system\Autoloader\Autoloader.php(264): include_once()
#1 D:\xampp\htdocs\ppl-pertemuan1\vendor\codeigniter4\framework\system\Autoloader\Autoloader.php(241): CodeIgniter\Autoloader\Autoloader->includeFile('D:\\xampp\\htdocs...')
#2 D:\xampp\htdocs\ppl-pertemuan1\vendor\codeigniter4\framework\system\Autoloader\Autoloader.php(219): CodeIgniter\Autoloader\Autoloader->loadInNamespace('App\\Models\\m_ko...')
#3 D:\xampp\htdocs\ppl-pertemuan1\app\Controllers\c_kota.php(11): CodeIgniter\Autoloader\Autoloader->loadClass('App\\Models\\m_ko...')
#4 D:\xampp\htdocs\ppl-pertemuan1\vendor\codeigniter4\framework\system\CodeIgniter.php(802): App\Controllers\c_kota->display()
#5 D:\xampp\htdocs\ppl-pertemuan1\vendor\codeigniter4\framework\system\CodeIgniter.php(399): CodeIgniter\CodeIgniter->runController(Object(App\Controllers\c_kota))
#6 D:\xampp\htdocs\ppl-pertemuan1\vendor\codeigniter4\framework\system\CodeIgniter.php(317): CodeIgniter\CodeIgniter->handleRequest(NULL, Object(Config\Cache), false)
#7 D:\xampp\htdocs\ppl-pertemuan1\public\index.php(37): CodeIgniter\CodeIgniter->run()
#8 D:\xampp\htdocs\ppl-pertemuan1\vendor\codeigniter4\framework\system\Commands\Server\rewrite.php(43): require_once('D:\\xampp\\htdocs...')
#9 {main}
CRITICAL - 2021-10-25 21:34:50 --> Class "Codeigniter\Model" not found
#0 D:\xampp\htdocs\ppl-pertemuan1\vendor\codeigniter4\framework\system\Autoloader\Autoloader.php(264): include_once()
#1 D:\xampp\htdocs\ppl-pertemuan1\vendor\codeigniter4\framework\system\Autoloader\Autoloader.php(241): CodeIgniter\Autoloader\Autoloader->includeFile('D:\\xampp\\htdocs...')
#2 D:\xampp\htdocs\ppl-pertemuan1\vendor\codeigniter4\framework\system\Autoloader\Autoloader.php(219): CodeIgniter\Autoloader\Autoloader->loadInNamespace('App\\Models\\m_ko...')
#3 D:\xampp\htdocs\ppl-pertemuan1\app\Controllers\c_kota.php(11): CodeIgniter\Autoloader\Autoloader->loadClass('App\\Models\\m_ko...')
#4 D:\xampp\htdocs\ppl-pertemuan1\vendor\codeigniter4\framework\system\CodeIgniter.php(802): App\Controllers\c_kota->display()
#5 D:\xampp\htdocs\ppl-pertemuan1\vendor\codeigniter4\framework\system\CodeIgniter.php(399): CodeIgniter\CodeIgniter->runController(Object(App\Controllers\c_kota))
#6 D:\xampp\htdocs\ppl-pertemuan1\vendor\codeigniter4\framework\system\CodeIgniter.php(317): CodeIgniter\CodeIgniter->handleRequest(NULL, Object(Config\Cache), false)
#7 D:\xampp\htdocs\ppl-pertemuan1\public\index.php(37): CodeIgniter\CodeIgniter->run()
#8 D:\xampp\htdocs\ppl-pertemuan1\vendor\codeigniter4\framework\system\Commands\Server\rewrite.php(43): require_once('D:\\xampp\\htdocs...')
#9 {main}
CRITICAL - 2021-10-25 21:35:27 --> Class "Codeigniter\Model" not found
#0 D:\xampp\htdocs\ppl-pertemuan1\vendor\codeigniter4\framework\system\Autoloader\Autoloader.php(264): include_once()
#1 D:\xampp\htdocs\ppl-pertemuan1\vendor\codeigniter4\framework\system\Autoloader\Autoloader.php(241): CodeIgniter\Autoloader\Autoloader->includeFile('D:\\xampp\\htdocs...')
#2 D:\xampp\htdocs\ppl-pertemuan1\vendor\codeigniter4\framework\system\Autoloader\Autoloader.php(219): CodeIgniter\Autoloader\Autoloader->loadInNamespace('App\\Models\\m_ko...')
#3 D:\xampp\htdocs\ppl-pertemuan1\app\Controllers\c_kota.php(11): CodeIgniter\Autoloader\Autoloader->loadClass('App\\Models\\m_ko...')
#4 D:\xampp\htdocs\ppl-pertemuan1\vendor\codeigniter4\framework\system\CodeIgniter.php(802): App\Controllers\c_kota->display()
#5 D:\xampp\htdocs\ppl-pertemuan1\vendor\codeigniter4\framework\system\CodeIgniter.php(399): CodeIgniter\CodeIgniter->runController(Object(App\Controllers\c_kota))
#6 D:\xampp\htdocs\ppl-pertemuan1\vendor\codeigniter4\framework\system\CodeIgniter.php(317): CodeIgniter\CodeIgniter->handleRequest(NULL, Object(Config\Cache), false)
#7 D:\xampp\htdocs\ppl-pertemuan1\public\index.php(37): CodeIgniter\CodeIgniter->run()
#8 D:\xampp\htdocs\ppl-pertemuan1\vendor\codeigniter4\framework\system\Commands\Server\rewrite.php(43): require_once('D:\\xampp\\htdocs...')
#9 {main}
CRITICAL - 2021-10-25 21:39:13 --> Class "Codeigniter\Model" not found
#0 D:\xampp\htdocs\ppl-pertemuan1\vendor\codeigniter4\framework\system\Autoloader\Autoloader.php(264): include_once()
#1 D:\xampp\htdocs\ppl-pertemuan1\vendor\codeigniter4\framework\system\Autoloader\Autoloader.php(241): CodeIgniter\Autoloader\Autoloader->includeFile('D:\\xampp\\htdocs...')
#2 D:\xampp\htdocs\ppl-pertemuan1\vendor\codeigniter4\framework\system\Autoloader\Autoloader.php(219): CodeIgniter\Autoloader\Autoloader->loadInNamespace('App\\Models\\m_ko...')
#3 D:\xampp\htdocs\ppl-pertemuan1\app\Controllers\c_kota.php(11): CodeIgniter\Autoloader\Autoloader->loadClass('App\\Models\\m_ko...')
#4 D:\xampp\htdocs\ppl-pertemuan1\vendor\codeigniter4\framework\system\CodeIgniter.php(802): App\Controllers\c_kota->display()
#5 D:\xampp\htdocs\ppl-pertemuan1\vendor\codeigniter4\framework\system\CodeIgniter.php(399): CodeIgniter\CodeIgniter->runController(Object(App\Controllers\c_kota))
#6 D:\xampp\htdocs\ppl-pertemuan1\vendor\codeigniter4\framework\system\CodeIgniter.php(317): CodeIgniter\CodeIgniter->handleRequest(NULL, Object(Config\Cache), false)
#7 D:\xampp\htdocs\ppl-pertemuan1\public\index.php(37): CodeIgniter\CodeIgniter->run()
#8 D:\xampp\htdocs\ppl-pertemuan1\vendor\codeigniter4\framework\system\Commands\Server\rewrite.php(43): require_once('D:\\xampp\\htdocs...')
#9 {main}
CRITICAL - 2021-10-25 21:39:36 --> Class "Codeigniter\Model" not found
#0 D:\xampp\htdocs\ppl-pertemuan1\vendor\codeigniter4\framework\system\Autoloader\Autoloader.php(264): include_once()
#1 D:\xampp\htdocs\ppl-pertemuan1\vendor\codeigniter4\framework\system\Autoloader\Autoloader.php(241): CodeIgniter\Autoloader\Autoloader->includeFile('D:\\xampp\\htdocs...')
#2 D:\xampp\htdocs\ppl-pertemuan1\vendor\codeigniter4\framework\system\Autoloader\Autoloader.php(219): CodeIgniter\Autoloader\Autoloader->loadInNamespace('App\\Models\\m_ko...')
#3 D:\xampp\htdocs\ppl-pertemuan1\app\Controllers\c_kota.php(11): CodeIgniter\Autoloader\Autoloader->loadClass('App\\Models\\m_ko...')
#4 D:\xampp\htdocs\ppl-pertemuan1\vendor\codeigniter4\framework\system\CodeIgniter.php(802): App\Controllers\c_kota->display()
#5 D:\xampp\htdocs\ppl-pertemuan1\vendor\codeigniter4\framework\system\CodeIgniter.php(399): CodeIgniter\CodeIgniter->runController(Object(App\Controllers\c_kota))
#6 D:\xampp\htdocs\ppl-pertemuan1\vendor\codeigniter4\framework\system\CodeIgniter.php(317): CodeIgniter\CodeIgniter->handleRequest(NULL, Object(Config\Cache), false)
#7 D:\xampp\htdocs\ppl-pertemuan1\public\index.php(37): CodeIgniter\CodeIgniter->run()
#8 D:\xampp\htdocs\ppl-pertemuan1\vendor\codeigniter4\framework\system\Commands\Server\rewrite.php(43): require_once('D:\\xampp\\htdocs...')
#9 {main}
CRITICAL - 2021-10-25 21:39:37 --> Class "Codeigniter\Model" not found
#0 D:\xampp\htdocs\ppl-pertemuan1\vendor\codeigniter4\framework\system\Autoloader\Autoloader.php(264): include_once()
#1 D:\xampp\htdocs\ppl-pertemuan1\vendor\codeigniter4\framework\system\Autoloader\Autoloader.php(241): CodeIgniter\Autoloader\Autoloader->includeFile('D:\\xampp\\htdocs...')
#2 D:\xampp\htdocs\ppl-pertemuan1\vendor\codeigniter4\framework\system\Autoloader\Autoloader.php(219): CodeIgniter\Autoloader\Autoloader->loadInNamespace('App\\Models\\m_ko...')
#3 D:\xampp\htdocs\ppl-pertemuan1\app\Controllers\c_kota.php(11): CodeIgniter\Autoloader\Autoloader->loadClass('App\\Models\\m_ko...')
#4 D:\xampp\htdocs\ppl-pertemuan1\vendor\codeigniter4\framework\system\CodeIgniter.php(802): App\Controllers\c_kota->display()
#5 D:\xampp\htdocs\ppl-pertemuan1\vendor\codeigniter4\framework\system\CodeIgniter.php(399): CodeIgniter\CodeIgniter->runController(Object(App\Controllers\c_kota))
#6 D:\xampp\htdocs\ppl-pertemuan1\vendor\codeigniter4\framework\system\CodeIgniter.php(317): CodeIgniter\CodeIgniter->handleRequest(NULL, Object(Config\Cache), false)
#7 D:\xampp\htdocs\ppl-pertemuan1\public\index.php(37): CodeIgniter\CodeIgniter->run()
#8 D:\xampp\htdocs\ppl-pertemuan1\vendor\codeigniter4\framework\system\Commands\Server\rewrite.php(43): require_once('D:\\xampp\\htdocs...')
#9 {main}
CRITICAL - 2021-10-25 21:39:38 --> Class "Codeigniter\Model" not found
#0 D:\xampp\htdocs\ppl-pertemuan1\vendor\codeigniter4\framework\system\Autoloader\Autoloader.php(264): include_once()
#1 D:\xampp\htdocs\ppl-pertemuan1\vendor\codeigniter4\framework\system\Autoloader\Autoloader.php(241): CodeIgniter\Autoloader\Autoloader->includeFile('D:\\xampp\\htdocs...')
#2 D:\xampp\htdocs\ppl-pertemuan1\vendor\codeigniter4\framework\system\Autoloader\Autoloader.php(219): CodeIgniter\Autoloader\Autoloader->loadInNamespace('App\\Models\\m_ko...')
#3 D:\xampp\htdocs\ppl-pertemuan1\app\Controllers\c_kota.php(11): CodeIgniter\Autoloader\Autoloader->loadClass('App\\Models\\m_ko...')
#4 D:\xampp\htdocs\ppl-pertemuan1\vendor\codeigniter4\framework\system\CodeIgniter.php(802): App\Controllers\c_kota->display()
#5 D:\xampp\htdocs\ppl-pertemuan1\vendor\codeigniter4\framework\system\CodeIgniter.php(399): CodeIgniter\CodeIgniter->runController(Object(App\Controllers\c_kota))
#6 D:\xampp\htdocs\ppl-pertemuan1\vendor\codeigniter4\framework\system\CodeIgniter.php(317): CodeIgniter\CodeIgniter->handleRequest(NULL, Object(Config\Cache), false)
#7 D:\xampp\htdocs\ppl-pertemuan1\public\index.php(37): CodeIgniter\CodeIgniter->run()
#8 D:\xampp\htdocs\ppl-pertemuan1\vendor\codeigniter4\framework\system\Commands\Server\rewrite.php(43): require_once('D:\\xampp\\htdocs...')
#9 {main}
CRITICAL - 2021-10-25 21:44:16 --> Class "Codeigniter\Model" not found
#0 D:\xampp\htdocs\ppl-pertemuan1\vendor\codeigniter4\framework\system\Autoloader\Autoloader.php(264): include_once()
#1 D:\xampp\htdocs\ppl-pertemuan1\vendor\codeigniter4\framework\system\Autoloader\Autoloader.php(241): CodeIgniter\Autoloader\Autoloader->includeFile('D:\\xampp\\htdocs...')
#2 D:\xampp\htdocs\ppl-pertemuan1\vendor\codeigniter4\framework\system\Autoloader\Autoloader.php(219): CodeIgniter\Autoloader\Autoloader->loadInNamespace('App\\Models\\m_ko...')
#3 D:\xampp\htdocs\ppl-pertemuan1\app\Controllers\c_kota.php(11): CodeIgniter\Autoloader\Autoloader->loadClass('App\\Models\\m_ko...')
#4 D:\xampp\htdocs\ppl-pertemuan1\vendor\codeigniter4\framework\system\CodeIgniter.php(802): App\Controllers\c_kota->index()
#5 D:\xampp\htdocs\ppl-pertemuan1\vendor\codeigniter4\framework\system\CodeIgniter.php(399): CodeIgniter\CodeIgniter->runController(Object(App\Controllers\c_kota))
#6 D:\xampp\htdocs\ppl-pertemuan1\vendor\codeigniter4\framework\system\CodeIgniter.php(317): CodeIgniter\CodeIgniter->handleRequest(NULL, Object(Config\Cache), false)
#7 D:\xampp\htdocs\ppl-pertemuan1\public\index.php(37): CodeIgniter\CodeIgniter->run()
#8 D:\xampp\htdocs\ppl-pertemuan1\vendor\codeigniter4\framework\system\Commands\Server\rewrite.php(43): require_once('D:\\xampp\\htdocs...')
#9 {main}
CRITICAL - 2021-10-25 21:45:11 --> Class "Codeigniter\Model" not found
#0 D:\xampp\htdocs\ppl-pertemuan1\vendor\codeigniter4\framework\system\Autoloader\Autoloader.php(264): include_once()
#1 D:\xampp\htdocs\ppl-pertemuan1\vendor\codeigniter4\framework\system\Autoloader\Autoloader.php(241): CodeIgniter\Autoloader\Autoloader->includeFile('D:\\xampp\\htdocs...')
#2 D:\xampp\htdocs\ppl-pertemuan1\vendor\codeigniter4\framework\system\Autoloader\Autoloader.php(219): CodeIgniter\Autoloader\Autoloader->loadInNamespace('App\\Models\\m_ko...')
#3 D:\xampp\htdocs\ppl-pertemuan1\app\Controllers\c_kota.php(11): CodeIgniter\Autoloader\Autoloader->loadClass('App\\Models\\m_ko...')
#4 D:\xampp\htdocs\ppl-pertemuan1\vendor\codeigniter4\framework\system\CodeIgniter.php(802): App\Controllers\c_kota->index()
#5 D:\xampp\htdocs\ppl-pertemuan1\vendor\codeigniter4\framework\system\CodeIgniter.php(399): CodeIgniter\CodeIgniter->runController(Object(App\Controllers\c_kota))
#6 D:\xampp\htdocs\ppl-pertemuan1\vendor\codeigniter4\framework\system\CodeIgniter.php(317): CodeIgniter\CodeIgniter->handleRequest(NULL, Object(Config\Cache), false)
#7 D:\xampp\htdocs\ppl-pertemuan1\public\index.php(37): CodeIgniter\CodeIgniter->run()
#8 D:\xampp\htdocs\ppl-pertemuan1\vendor\codeigniter4\framework\system\Commands\Server\rewrite.php(43): require_once('D:\\xampp\\htdocs...')
#9 {main}
CRITICAL - 2021-10-25 21:45:13 --> Class "Codeigniter\Model" not found
#0 D:\xampp\htdocs\ppl-pertemuan1\vendor\codeigniter4\framework\system\Autoloader\Autoloader.php(264): include_once()
#1 D:\xampp\htdocs\ppl-pertemuan1\vendor\codeigniter4\framework\system\Autoloader\Autoloader.php(241): CodeIgniter\Autoloader\Autoloader->includeFile('D:\\xampp\\htdocs...')
#2 D:\xampp\htdocs\ppl-pertemuan1\vendor\codeigniter4\framework\system\Autoloader\Autoloader.php(219): CodeIgniter\Autoloader\Autoloader->loadInNamespace('App\\Models\\m_ko...')
#3 D:\xampp\htdocs\ppl-pertemuan1\app\Controllers\c_kota.php(11): CodeIgniter\Autoloader\Autoloader->loadClass('App\\Models\\m_ko...')
#4 D:\xampp\htdocs\ppl-pertemuan1\vendor\codeigniter4\framework\system\CodeIgniter.php(802): App\Controllers\c_kota->index()
#5 D:\xampp\htdocs\ppl-pertemuan1\vendor\codeigniter4\framework\system\CodeIgniter.php(399): CodeIgniter\CodeIgniter->runController(Object(App\Controllers\c_kota))
#6 D:\xampp\htdocs\ppl-pertemuan1\vendor\codeigniter4\framework\system\CodeIgniter.php(317): CodeIgniter\CodeIgniter->handleRequest(NULL, Object(Config\Cache), false)
#7 D:\xampp\htdocs\ppl-pertemuan1\public\index.php(37): CodeIgniter\CodeIgniter->run()
#8 D:\xampp\htdocs\ppl-pertemuan1\vendor\codeigniter4\framework\system\Commands\Server\rewrite.php(43): require_once('D:\\xampp\\htdocs...')
#9 {main}
CRITICAL - 2021-10-25 21:45:23 --> Class "Codeigniter\Model" not found
#0 D:\xampp\htdocs\ppl-pertemuan1\vendor\codeigniter4\framework\system\Autoloader\Autoloader.php(264): include_once()
#1 D:\xampp\htdocs\ppl-pertemuan1\vendor\codeigniter4\framework\system\Autoloader\Autoloader.php(241): CodeIgniter\Autoloader\Autoloader->includeFile('D:\\xampp\\htdocs...')
#2 D:\xampp\htdocs\ppl-pertemuan1\vendor\codeigniter4\framework\system\Autoloader\Autoloader.php(219): CodeIgniter\Autoloader\Autoloader->loadInNamespace('App\\Models\\m_ko...')
#3 D:\xampp\htdocs\ppl-pertemuan1\app\Controllers\c_kota.php(11): CodeIgniter\Autoloader\Autoloader->loadClass('App\\Models\\m_ko...')
#4 D:\xampp\htdocs\ppl-pertemuan1\vendor\codeigniter4\framework\system\CodeIgniter.php(802): App\Controllers\c_kota->index()
#5 D:\xampp\htdocs\ppl-pertemuan1\vendor\codeigniter4\framework\system\CodeIgniter.php(399): CodeIgniter\CodeIgniter->runController(Object(App\Controllers\c_kota))
#6 D:\xampp\htdocs\ppl-pertemuan1\vendor\codeigniter4\framework\system\CodeIgniter.php(317): CodeIgniter\CodeIgniter->handleRequest(NULL, Object(Config\Cache), false)
#7 D:\xampp\htdocs\ppl-pertemuan1\public\index.php(37): CodeIgniter\CodeIgniter->run()
#8 D:\xampp\htdocs\ppl-pertemuan1\vendor\codeigniter4\framework\system\Commands\Server\rewrite.php(43): require_once('D:\\xampp\\htdocs...')
#9 {main}
