CRITICAL - 2021-11-01 11:47:20 --> Allowed fields must be specified for model: App\Models\m_kota
#0 D:\xampp\htdocs\ppl-pertemuan1\vendor\codeigniter4\framework\system\BaseModel.php(1134): CodeIgniter\Database\Exceptions\DataException::forInvalidAllowedFields('App\\Models\\m_ko...')
#1 D:\xampp\htdocs\ppl-pertemuan1\vendor\codeigniter4\framework\system\BaseModel.php(713): CodeIgniter\BaseModel->doProtectFields(Array)
#2 D:\xampp\htdocs\ppl-pertemuan1\vendor\codeigniter4\framework\system\Model.php(620): CodeIgniter\BaseModel->insert(Array, true)
#3 D:\xampp\htdocs\ppl-pertemuan1\app\Controllers\c_kota.php(23): CodeIgniter\Model->insert(Array)
#4 D:\xampp\htdocs\ppl-pertemuan1\vendor\codeigniter4\framework\system\CodeIgniter.php(802): App\Controllers\c_kota->insertData()
#5 D:\xampp\htdocs\ppl-pertemuan1\vendor\codeigniter4\framework\system\CodeIgniter.php(399): CodeIgniter\CodeIgniter->runController(Object(App\Controllers\c_kota))
#6 D:\xampp\htdocs\ppl-pertemuan1\vendor\codeigniter4\framework\system\CodeIgniter.php(317): CodeIgniter\CodeIgniter->handleRequest(NULL, Object(Config\Cache), false)
#7 D:\xampp\htdocs\ppl-pertemuan1\public\index.php(37): CodeIgniter\CodeIgniter->run()
#8 D:\xampp\htdocs\ppl-pertemuan1\vendor\codeigniter4\framework\system\Commands\Server\rewrite.php(43): require_once('D:\\xampp\\htdocs...')
#9 {main}
CRITICAL - 2021-11-01 11:47:47 --> Allowed fields must be specified for model: App\Models\m_kota
#0 D:\xampp\htdocs\ppl-pertemuan1\vendor\codeigniter4\framework\system\BaseModel.php(1134): CodeIgniter\Database\Exceptions\DataException::forInvalidAllowedFields('App\\Models\\m_ko...')
#1 D:\xampp\htdocs\ppl-pertemuan1\vendor\codeigniter4\framework\system\BaseModel.php(713): CodeIgniter\BaseModel->doProtectFields(Array)
#2 D:\xampp\htdocs\ppl-pertemuan1\vendor\codeigniter4\framework\system\Model.php(620): CodeIgniter\BaseModel->insert(Array, true)
#3 D:\xampp\htdocs\ppl-pertemuan1\app\Controllers\c_kota.php(23): CodeIgniter\Model->insert(Array)
#4 D:\xampp\htdocs\ppl-pertemuan1\vendor\codeigniter4\framework\system\CodeIgniter.php(802): App\Controllers\c_kota->insertData()
#5 D:\xampp\htdocs\ppl-pertemuan1\vendor\codeigniter4\framework\system\CodeIgniter.php(399): CodeIgniter\CodeIgniter->runController(Object(App\Controllers\c_kota))
#6 D:\xampp\htdocs\ppl-pertemuan1\vendor\codeigniter4\framework\system\CodeIgniter.php(317): CodeIgniter\CodeIgniter->handleRequest(NULL, Object(Config\Cache), false)
#7 D:\xampp\htdocs\ppl-pertemuan1\public\index.php(37): CodeIgniter\CodeIgniter->run()
#8 D:\xampp\htdocs\ppl-pertemuan1\vendor\codeigniter4\framework\system\Commands\Server\rewrite.php(43): require_once('D:\\xampp\\htdocs...')
#9 {main}
CRITICAL - 2021-11-01 11:47:48 --> Allowed fields must be specified for model: App\Models\m_kota
#0 D:\xampp\htdocs\ppl-pertemuan1\vendor\codeigniter4\framework\system\BaseModel.php(1134): CodeIgniter\Database\Exceptions\DataException::forInvalidAllowedFields('App\\Models\\m_ko...')
#1 D:\xampp\htdocs\ppl-pertemuan1\vendor\codeigniter4\framework\system\BaseModel.php(713): CodeIgniter\BaseModel->doProtectFields(Array)
#2 D:\xampp\htdocs\ppl-pertemuan1\vendor\codeigniter4\framework\system\Model.php(620): CodeIgniter\BaseModel->insert(Array, true)
#3 D:\xampp\htdocs\ppl-pertemuan1\app\Controllers\c_kota.php(23): CodeIgniter\Model->insert(Array)
#4 D:\xampp\htdocs\ppl-pertemuan1\vendor\codeigniter4\framework\system\CodeIgniter.php(802): App\Controllers\c_kota->insertData()
#5 D:\xampp\htdocs\ppl-pertemuan1\vendor\codeigniter4\framework\system\CodeIgniter.php(399): CodeIgniter\CodeIgniter->runController(Object(App\Controllers\c_kota))
#6 D:\xampp\htdocs\ppl-pertemuan1\vendor\codeigniter4\framework\system\CodeIgniter.php(317): CodeIgniter\CodeIgniter->handleRequest(NULL, Object(Config\Cache), false)
#7 D:\xampp\htdocs\ppl-pertemuan1\public\index.php(37): CodeIgniter\CodeIgniter->run()
#8 D:\xampp\htdocs\ppl-pertemuan1\vendor\codeigniter4\framework\system\Commands\Server\rewrite.php(43): require_once('D:\\xampp\\htdocs...')
#9 {main}
CRITICAL - 2021-11-01 11:50:14 --> Allowed fields must be specified for model: App\Models\m_kota
#0 D:\xampp\htdocs\ppl-pertemuan1\vendor\codeigniter4\framework\system\BaseModel.php(1134): CodeIgniter\Database\Exceptions\DataException::forInvalidAllowedFields('App\\Models\\m_ko...')
#1 D:\xampp\htdocs\ppl-pertemuan1\vendor\codeigniter4\framework\system\BaseModel.php(713): CodeIgniter\BaseModel->doProtectFields(Array)
#2 D:\xampp\htdocs\ppl-pertemuan1\vendor\codeigniter4\framework\system\Model.php(620): CodeIgniter\BaseModel->insert(Array, true)
#3 D:\xampp\htdocs\ppl-pertemuan1\app\Controllers\c_kota.php(23): CodeIgniter\Model->insert(Array)
#4 D:\xampp\htdocs\ppl-pertemuan1\vendor\codeigniter4\framework\system\CodeIgniter.php(802): App\Controllers\c_kota->insertData()
#5 D:\xampp\htdocs\ppl-pertemuan1\vendor\codeigniter4\framework\system\CodeIgniter.php(399): CodeIgniter\CodeIgniter->runController(Object(App\Controllers\c_kota))
#6 D:\xampp\htdocs\ppl-pertemuan1\vendor\codeigniter4\framework\system\CodeIgniter.php(317): CodeIgniter\CodeIgniter->handleRequest(NULL, Object(Config\Cache), false)
#7 D:\xampp\htdocs\ppl-pertemuan1\public\index.php(37): CodeIgniter\CodeIgniter->run()
#8 D:\xampp\htdocs\ppl-pertemuan1\vendor\codeigniter4\framework\system\Commands\Server\rewrite.php(43): require_once('D:\\xampp\\htdocs...')
#9 {main}
CRITICAL - 2021-11-01 11:53:18 --> Allowed fields must be specified for model: App\Models\m_kota
#0 D:\xampp\htdocs\ppl-pertemuan1\vendor\codeigniter4\framework\system\BaseModel.php(1134): CodeIgniter\Database\Exceptions\DataException::forInvalidAllowedFields('App\\Models\\m_ko...')
#1 D:\xampp\htdocs\ppl-pertemuan1\vendor\codeigniter4\framework\system\BaseModel.php(713): CodeIgniter\BaseModel->doProtectFields(Array)
#2 D:\xampp\htdocs\ppl-pertemuan1\vendor\codeigniter4\framework\system\Model.php(620): CodeIgniter\BaseModel->insert(Array, true)
#3 D:\xampp\htdocs\ppl-pertemuan1\app\Controllers\c_kota.php(23): CodeIgniter\Model->insert(Array)
#4 D:\xampp\htdocs\ppl-pertemuan1\vendor\codeigniter4\framework\system\CodeIgniter.php(802): App\Controllers\c_kota->insertData()
#5 D:\xampp\htdocs\ppl-pertemuan1\vendor\codeigniter4\framework\system\CodeIgniter.php(399): CodeIgniter\CodeIgniter->runController(Object(App\Controllers\c_kota))
#6 D:\xampp\htdocs\ppl-pertemuan1\vendor\codeigniter4\framework\system\CodeIgniter.php(317): CodeIgniter\CodeIgniter->handleRequest(NULL, Object(Config\Cache), false)
#7 D:\xampp\htdocs\ppl-pertemuan1\public\index.php(37): CodeIgniter\CodeIgniter->run()
#8 D:\xampp\htdocs\ppl-pertemuan1\vendor\codeigniter4\framework\system\Commands\Server\rewrite.php(43): require_once('D:\\xampp\\htdocs...')
#9 {main}
CRITICAL - 2021-11-01 11:53:19 --> Allowed fields must be specified for model: App\Models\m_kota
#0 D:\xampp\htdocs\ppl-pertemuan1\vendor\codeigniter4\framework\system\BaseModel.php(1134): CodeIgniter\Database\Exceptions\DataException::forInvalidAllowedFields('App\\Models\\m_ko...')
#1 D:\xampp\htdocs\ppl-pertemuan1\vendor\codeigniter4\framework\system\BaseModel.php(713): CodeIgniter\BaseModel->doProtectFields(Array)
#2 D:\xampp\htdocs\ppl-pertemuan1\vendor\codeigniter4\framework\system\Model.php(620): CodeIgniter\BaseModel->insert(Array, true)
#3 D:\xampp\htdocs\ppl-pertemuan1\app\Controllers\c_kota.php(23): CodeIgniter\Model->insert(Array)
#4 D:\xampp\htdocs\ppl-pertemuan1\vendor\codeigniter4\framework\system\CodeIgniter.php(802): App\Controllers\c_kota->insertData()
#5 D:\xampp\htdocs\ppl-pertemuan1\vendor\codeigniter4\framework\system\CodeIgniter.php(399): CodeIgniter\CodeIgniter->runController(Object(App\Controllers\c_kota))
#6 D:\xampp\htdocs\ppl-pertemuan1\vendor\codeigniter4\framework\system\CodeIgniter.php(317): CodeIgniter\CodeIgniter->handleRequest(NULL, Object(Config\Cache), false)
#7 D:\xampp\htdocs\ppl-pertemuan1\public\index.php(37): CodeIgniter\CodeIgniter->run()
#8 D:\xampp\htdocs\ppl-pertemuan1\vendor\codeigniter4\framework\system\Commands\Server\rewrite.php(43): require_once('D:\\xampp\\htdocs...')
#9 {main}
CRITICAL - 2021-11-01 11:56:57 --> Allowed fields must be specified for model: App\Models\m_kota
#0 D:\xampp\htdocs\ppl-pertemuan1\vendor\codeigniter4\framework\system\BaseModel.php(1134): CodeIgniter\Database\Exceptions\DataException::forInvalidAllowedFields('App\\Models\\m_ko...')
#1 D:\xampp\htdocs\ppl-pertemuan1\vendor\codeigniter4\framework\system\BaseModel.php(713): CodeIgniter\BaseModel->doProtectFields(Array)
#2 D:\xampp\htdocs\ppl-pertemuan1\vendor\codeigniter4\framework\system\Model.php(620): CodeIgniter\BaseModel->insert(Array, true)
#3 D:\xampp\htdocs\ppl-pertemuan1\app\Controllers\c_kota.php(23): CodeIgniter\Model->insert(Array)
#4 D:\xampp\htdocs\ppl-pertemuan1\vendor\codeigniter4\framework\system\CodeIgniter.php(802): App\Controllers\c_kota->insertData()
#5 D:\xampp\htdocs\ppl-pertemuan1\vendor\codeigniter4\framework\system\CodeIgniter.php(399): CodeIgniter\CodeIgniter->runController(Object(App\Controllers\c_kota))
#6 D:\xampp\htdocs\ppl-pertemuan1\vendor\codeigniter4\framework\system\CodeIgniter.php(317): CodeIgniter\CodeIgniter->handleRequest(NULL, Object(Config\Cache), false)
#7 D:\xampp\htdocs\ppl-pertemuan1\public\index.php(37): CodeIgniter\CodeIgniter->run()
#8 D:\xampp\htdocs\ppl-pertemuan1\vendor\codeigniter4\framework\system\Commands\Server\rewrite.php(43): require_once('D:\\xampp\\htdocs...')
#9 {main}
CRITICAL - 2021-11-01 12:12:01 --> Allowed fields must be specified for model: App\Models\m_kota
#0 D:\xampp\htdocs\ppl-pertemuan1\vendor\codeigniter4\framework\system\BaseModel.php(1134): CodeIgniter\Database\Exceptions\DataException::forInvalidAllowedFields('App\\Models\\m_ko...')
#1 D:\xampp\htdocs\ppl-pertemuan1\vendor\codeigniter4\framework\system\BaseModel.php(713): CodeIgniter\BaseModel->doProtectFields(Array)
#2 D:\xampp\htdocs\ppl-pertemuan1\vendor\codeigniter4\framework\system\Model.php(620): CodeIgniter\BaseModel->insert(Array, true)
#3 D:\xampp\htdocs\ppl-pertemuan1\app\Controllers\c_kota.php(23): CodeIgniter\Model->insert(Array)
#4 D:\xampp\htdocs\ppl-pertemuan1\vendor\codeigniter4\framework\system\CodeIgniter.php(802): App\Controllers\c_kota->insertData()
#5 D:\xampp\htdocs\ppl-pertemuan1\vendor\codeigniter4\framework\system\CodeIgniter.php(399): CodeIgniter\CodeIgniter->runController(Object(App\Controllers\c_kota))
#6 D:\xampp\htdocs\ppl-pertemuan1\vendor\codeigniter4\framework\system\CodeIgniter.php(317): CodeIgniter\CodeIgniter->handleRequest(NULL, Object(Config\Cache), false)
#7 D:\xampp\htdocs\ppl-pertemuan1\public\index.php(37): CodeIgniter\CodeIgniter->run()
#8 D:\xampp\htdocs\ppl-pertemuan1\vendor\codeigniter4\framework\system\Commands\Server\rewrite.php(43): require_once('D:\\xampp\\htdocs...')
#9 {main}
CRITICAL - 2021-11-01 12:14:38 --> Allowed fields must be specified for model: App\Models\m_kota
#0 D:\xampp\htdocs\ppl-pertemuan1\vendor\codeigniter4\framework\system\BaseModel.php(1134): CodeIgniter\Database\Exceptions\DataException::forInvalidAllowedFields('App\\Models\\m_ko...')
#1 D:\xampp\htdocs\ppl-pertemuan1\vendor\codeigniter4\framework\system\BaseModel.php(713): CodeIgniter\BaseModel->doProtectFields(Array)
#2 D:\xampp\htdocs\ppl-pertemuan1\vendor\codeigniter4\framework\system\Model.php(620): CodeIgniter\BaseModel->insert(Array, true)
#3 D:\xampp\htdocs\ppl-pertemuan1\app\Controllers\c_kota.php(23): CodeIgniter\Model->insert(Array)
#4 D:\xampp\htdocs\ppl-pertemuan1\vendor\codeigniter4\framework\system\CodeIgniter.php(802): App\Controllers\c_kota->insertData()
#5 D:\xampp\htdocs\ppl-pertemuan1\vendor\codeigniter4\framework\system\CodeIgniter.php(399): CodeIgniter\CodeIgniter->runController(Object(App\Controllers\c_kota))
#6 D:\xampp\htdocs\ppl-pertemuan1\vendor\codeigniter4\framework\system\CodeIgniter.php(317): CodeIgniter\CodeIgniter->handleRequest(NULL, Object(Config\Cache), false)
#7 D:\xampp\htdocs\ppl-pertemuan1\public\index.php(37): CodeIgniter\CodeIgniter->run()
#8 D:\xampp\htdocs\ppl-pertemuan1\vendor\codeigniter4\framework\system\Commands\Server\rewrite.php(43): require_once('D:\\xampp\\htdocs...')
#9 {main}
CRITICAL - 2021-11-01 19:52:02 --> Allowed fields must be specified for model: App\Models\m_kota
#0 D:\xampp\htdocs\ppl-pertemuan1\vendor\codeigniter4\framework\system\BaseModel.php(1134): CodeIgniter\Database\Exceptions\DataException::forInvalidAllowedFields('App\\Models\\m_ko...')
#1 D:\xampp\htdocs\ppl-pertemuan1\vendor\codeigniter4\framework\system\BaseModel.php(713): CodeIgniter\BaseModel->doProtectFields(Array)
#2 D:\xampp\htdocs\ppl-pertemuan1\vendor\codeigniter4\framework\system\Model.php(620): CodeIgniter\BaseModel->insert(Array, true)
#3 D:\xampp\htdocs\ppl-pertemuan1\app\Controllers\c_kota.php(25): CodeIgniter\Model->insert(Array)
#4 D:\xampp\htdocs\ppl-pertemuan1\vendor\codeigniter4\framework\system\CodeIgniter.php(802): App\Controllers\c_kota->insertData()
#5 D:\xampp\htdocs\ppl-pertemuan1\vendor\codeigniter4\framework\system\CodeIgniter.php(399): CodeIgniter\CodeIgniter->runController(Object(App\Controllers\c_kota))
#6 D:\xampp\htdocs\ppl-pertemuan1\vendor\codeigniter4\framework\system\CodeIgniter.php(317): CodeIgniter\CodeIgniter->handleRequest(NULL, Object(Config\Cache), false)
#7 D:\xampp\htdocs\ppl-pertemuan1\public\index.php(37): CodeIgniter\CodeIgniter->run()
#8 D:\xampp\htdocs\ppl-pertemuan1\vendor\codeigniter4\framework\system\Commands\Server\rewrite.php(43): require_once('D:\\xampp\\htdocs...')
#9 {main}
CRITICAL - 2021-11-01 19:53:25 --> Allowed fields must be specified for model: App\Models\m_kota
#0 D:\xampp\htdocs\ppl-pertemuan1\vendor\codeigniter4\framework\system\BaseModel.php(1134): CodeIgniter\Database\Exceptions\DataException::forInvalidAllowedFields('App\\Models\\m_ko...')
#1 D:\xampp\htdocs\ppl-pertemuan1\vendor\codeigniter4\framework\system\BaseModel.php(713): CodeIgniter\BaseModel->doProtectFields(Array)
#2 D:\xampp\htdocs\ppl-pertemuan1\vendor\codeigniter4\framework\system\Model.php(620): CodeIgniter\BaseModel->insert(Array, true)
#3 D:\xampp\htdocs\ppl-pertemuan1\app\Controllers\c_kota.php(25): CodeIgniter\Model->insert(Array)
#4 D:\xampp\htdocs\ppl-pertemuan1\vendor\codeigniter4\framework\system\CodeIgniter.php(802): App\Controllers\c_kota->insertData()
#5 D:\xampp\htdocs\ppl-pertemuan1\vendor\codeigniter4\framework\system\CodeIgniter.php(399): CodeIgniter\CodeIgniter->runController(Object(App\Controllers\c_kota))
#6 D:\xampp\htdocs\ppl-pertemuan1\vendor\codeigniter4\framework\system\CodeIgniter.php(317): CodeIgniter\CodeIgniter->handleRequest(NULL, Object(Config\Cache), false)
#7 D:\xampp\htdocs\ppl-pertemuan1\public\index.php(37): CodeIgniter\CodeIgniter->run()
#8 D:\xampp\htdocs\ppl-pertemuan1\vendor\codeigniter4\framework\system\Commands\Server\rewrite.php(43): require_once('D:\\xampp\\htdocs...')
#9 {main}
CRITICAL - 2021-11-01 19:56:20 --> You must set the database table to be used with your query.
#0 D:\xampp\htdocs\ppl-pertemuan1\vendor\codeigniter4\framework\system\Model.php(545): CodeIgniter\Database\BaseConnection->table(NULL)
#1 D:\xampp\htdocs\ppl-pertemuan1\vendor\codeigniter4\framework\system\Model.php(232): CodeIgniter\Model->builder()
#2 D:\xampp\htdocs\ppl-pertemuan1\vendor\codeigniter4\framework\system\BaseModel.php(738): CodeIgniter\Model->doInsert(Array)
#3 D:\xampp\htdocs\ppl-pertemuan1\vendor\codeigniter4\framework\system\Model.php(620): CodeIgniter\BaseModel->insert(Array, true)
#4 D:\xampp\htdocs\ppl-pertemuan1\app\Controllers\c_kota.php(25): CodeIgniter\Model->insert(Array)
#5 D:\xampp\htdocs\ppl-pertemuan1\vendor\codeigniter4\framework\system\CodeIgniter.php(802): App\Controllers\c_kota->insertData()
#6 D:\xampp\htdocs\ppl-pertemuan1\vendor\codeigniter4\framework\system\CodeIgniter.php(399): CodeIgniter\CodeIgniter->runController(Object(App\Controllers\c_kota))
#7 D:\xampp\htdocs\ppl-pertemuan1\vendor\codeigniter4\framework\system\CodeIgniter.php(317): CodeIgniter\CodeIgniter->handleRequest(NULL, Object(Config\Cache), false)
#8 D:\xampp\htdocs\ppl-pertemuan1\public\index.php(37): CodeIgniter\CodeIgniter->run()
#9 D:\xampp\htdocs\ppl-pertemuan1\vendor\codeigniter4\framework\system\Commands\Server\rewrite.php(43): require_once('D:\\xampp\\htdocs...')
#10 {main}
CRITICAL - 2021-11-01 19:59:07 --> Cannot use object of type stdClass as array
#0 D:\xampp\htdocs\ppl-pertemuan1\vendor\codeigniter4\framework\system\View\View.php(214): include()
#1 D:\xampp\htdocs\ppl-pertemuan1\vendor\codeigniter4\framework\system\View\View.php(217): CodeIgniter\View\View->CodeIgniter\View\{closure}()
#2 D:\xampp\htdocs\ppl-pertemuan1\vendor\codeigniter4\framework\system\Common.php(1092): CodeIgniter\View\View->render('v_kota', Array, true)
#3 D:\xampp\htdocs\ppl-pertemuan1\app\Controllers\c_kota.php(15): view('v_kota', Array)
#4 D:\xampp\htdocs\ppl-pertemuan1\vendor\codeigniter4\framework\system\CodeIgniter.php(802): App\Controllers\c_kota->index()
#5 D:\xampp\htdocs\ppl-pertemuan1\vendor\codeigniter4\framework\system\CodeIgniter.php(399): CodeIgniter\CodeIgniter->runController(Object(App\Controllers\c_kota))
#6 D:\xampp\htdocs\ppl-pertemuan1\vendor\codeigniter4\framework\system\CodeIgniter.php(317): CodeIgniter\CodeIgniter->handleRequest(NULL, Object(Config\Cache), false)
#7 D:\xampp\htdocs\ppl-pertemuan1\public\index.php(37): CodeIgniter\CodeIgniter->run()
#8 D:\xampp\htdocs\ppl-pertemuan1\vendor\codeigniter4\framework\system\Commands\Server\rewrite.php(43): require_once('D:\\xampp\\htdocs...')
#9 {main}
CRITICAL - 2021-11-01 20:14:19 --> CodeIgniter\Database\BaseResult::getResult(): Argument #1 ($type) must be of type string, null given, called in D:\xampp\htdocs\ppl-pertemuan1\vendor\codeigniter4\framework\system\Model.php on line 184
#0 D:\xampp\htdocs\ppl-pertemuan1\vendor\codeigniter4\framework\system\Model.php(184): CodeIgniter\Database\BaseResult->getResult(NULL)
#1 D:\xampp\htdocs\ppl-pertemuan1\vendor\codeigniter4\framework\system\BaseModel.php(584): CodeIgniter\Model->doFindAll(0, 0)
#2 D:\xampp\htdocs\ppl-pertemuan1\app\Controllers\c_kota.php(17): CodeIgniter\BaseModel->findAll()
#3 D:\xampp\htdocs\ppl-pertemuan1\vendor\codeigniter4\framework\system\CodeIgniter.php(802): App\Controllers\c_kota->index()
#4 D:\xampp\htdocs\ppl-pertemuan1\vendor\codeigniter4\framework\system\CodeIgniter.php(399): CodeIgniter\CodeIgniter->runController(Object(App\Controllers\c_kota))
#5 D:\xampp\htdocs\ppl-pertemuan1\vendor\codeigniter4\framework\system\CodeIgniter.php(317): CodeIgniter\CodeIgniter->handleRequest(NULL, Object(Config\Cache), false)
#6 D:\xampp\htdocs\ppl-pertemuan1\public\index.php(37): CodeIgniter\CodeIgniter->run()
#7 D:\xampp\htdocs\ppl-pertemuan1\vendor\codeigniter4\framework\system\Commands\Server\rewrite.php(43): require_once('D:\\xampp\\htdocs...')
#8 {main}
CRITICAL - 2021-11-01 20:14:56 --> Undefined variable $kota
#0 D:\xampp\htdocs\ppl-pertemuan1\app\Views\v_kota.php(15): CodeIgniter\Debug\Exceptions->errorHandler(2, 'Undefined varia...', 'D:\\xampp\\htdocs...', 15)
#1 D:\xampp\htdocs\ppl-pertemuan1\vendor\codeigniter4\framework\system\View\View.php(214): include('D:\\xampp\\htdocs...')
#2 D:\xampp\htdocs\ppl-pertemuan1\vendor\codeigniter4\framework\system\View\View.php(217): CodeIgniter\View\View->CodeIgniter\View\{closure}()
#3 D:\xampp\htdocs\ppl-pertemuan1\vendor\codeigniter4\framework\system\Common.php(1092): CodeIgniter\View\View->render('v_kota', Array, true)
#4 D:\xampp\htdocs\ppl-pertemuan1\app\Controllers\c_kota.php(19): view('v_kota', Array)
#5 D:\xampp\htdocs\ppl-pertemuan1\vendor\codeigniter4\framework\system\CodeIgniter.php(802): App\Controllers\c_kota->index()
#6 D:\xampp\htdocs\ppl-pertemuan1\vendor\codeigniter4\framework\system\CodeIgniter.php(399): CodeIgniter\CodeIgniter->runController(Object(App\Controllers\c_kota))
#7 D:\xampp\htdocs\ppl-pertemuan1\vendor\codeigniter4\framework\system\CodeIgniter.php(317): CodeIgniter\CodeIgniter->handleRequest(NULL, Object(Config\Cache), false)
#8 D:\xampp\htdocs\ppl-pertemuan1\public\index.php(37): CodeIgniter\CodeIgniter->run()
#9 D:\xampp\htdocs\ppl-pertemuan1\vendor\codeigniter4\framework\system\Commands\Server\rewrite.php(43): require_once('D:\\xampp\\htdocs...')
#10 {main}
CRITICAL - 2021-11-01 20:19:41 --> syntax error, unexpected token "[", expecting identifier or variable or "{" or "$"
#0 D:\xampp\htdocs\ppl-pertemuan1\vendor\codeigniter4\framework\system\View\View.php(217): CodeIgniter\View\View->CodeIgniter\View\{closure}()
#1 D:\xampp\htdocs\ppl-pertemuan1\vendor\codeigniter4\framework\system\Common.php(1092): CodeIgniter\View\View->render('v_kota', Array, true)
#2 D:\xampp\htdocs\ppl-pertemuan1\app\Controllers\c_kota.php(19): view('v_kota', Array)
#3 D:\xampp\htdocs\ppl-pertemuan1\vendor\codeigniter4\framework\system\CodeIgniter.php(802): App\Controllers\c_kota->index()
#4 D:\xampp\htdocs\ppl-pertemuan1\vendor\codeigniter4\framework\system\CodeIgniter.php(399): CodeIgniter\CodeIgniter->runController(Object(App\Controllers\c_kota))
#5 D:\xampp\htdocs\ppl-pertemuan1\vendor\codeigniter4\framework\system\CodeIgniter.php(317): CodeIgniter\CodeIgniter->handleRequest(NULL, Object(Config\Cache), false)
#6 D:\xampp\htdocs\ppl-pertemuan1\public\index.php(37): CodeIgniter\CodeIgniter->run()
#7 D:\xampp\htdocs\ppl-pertemuan1\vendor\codeigniter4\framework\system\Commands\Server\rewrite.php(43): require_once('D:\\xampp\\htdocs...')
#8 {main}
CRITICAL - 2021-11-01 20:20:12 --> Undefined variable $kota
#0 D:\xampp\htdocs\ppl-pertemuan1\app\Views\v_kota.php(15): CodeIgniter\Debug\Exceptions->errorHandler(2, 'Undefined varia...', 'D:\\xampp\\htdocs...', 15)
#1 D:\xampp\htdocs\ppl-pertemuan1\vendor\codeigniter4\framework\system\View\View.php(214): include('D:\\xampp\\htdocs...')
#2 D:\xampp\htdocs\ppl-pertemuan1\vendor\codeigniter4\framework\system\View\View.php(217): CodeIgniter\View\View->CodeIgniter\View\{closure}()
#3 D:\xampp\htdocs\ppl-pertemuan1\vendor\codeigniter4\framework\system\Common.php(1092): CodeIgniter\View\View->render('v_kota', Array, true)
#4 D:\xampp\htdocs\ppl-pertemuan1\app\Controllers\c_kota.php(19): view('v_kota', Array)
#5 D:\xampp\htdocs\ppl-pertemuan1\vendor\codeigniter4\framework\system\CodeIgniter.php(802): App\Controllers\c_kota->index()
#6 D:\xampp\htdocs\ppl-pertemuan1\vendor\codeigniter4\framework\system\CodeIgniter.php(399): CodeIgniter\CodeIgniter->runController(Object(App\Controllers\c_kota))
#7 D:\xampp\htdocs\ppl-pertemuan1\vendor\codeigniter4\framework\system\CodeIgniter.php(317): CodeIgniter\CodeIgniter->handleRequest(NULL, Object(Config\Cache), false)
#8 D:\xampp\htdocs\ppl-pertemuan1\public\index.php(37): CodeIgniter\CodeIgniter->run()
#9 D:\xampp\htdocs\ppl-pertemuan1\vendor\codeigniter4\framework\system\Commands\Server\rewrite.php(43): require_once('D:\\xampp\\htdocs...')
#10 {main}
CRITICAL - 2021-11-01 20:36:56 --> Cannot access offset of type string on string
#0 D:\xampp\htdocs\ppl-pertemuan1\vendor\codeigniter4\framework\system\View\View.php(214): include()
#1 D:\xampp\htdocs\ppl-pertemuan1\vendor\codeigniter4\framework\system\View\View.php(217): CodeIgniter\View\View->CodeIgniter\View\{closure}()
#2 D:\xampp\htdocs\ppl-pertemuan1\vendor\codeigniter4\framework\system\Common.php(1092): CodeIgniter\View\View->render('v_kota', Array, true)
#3 D:\xampp\htdocs\ppl-pertemuan1\app\Controllers\c_kota.php(24): view('v_kota', Array)
#4 D:\xampp\htdocs\ppl-pertemuan1\vendor\codeigniter4\framework\system\CodeIgniter.php(802): App\Controllers\c_kota->deleteData('4')
#5 D:\xampp\htdocs\ppl-pertemuan1\vendor\codeigniter4\framework\system\CodeIgniter.php(399): CodeIgniter\CodeIgniter->runController(Object(App\Controllers\c_kota))
#6 D:\xampp\htdocs\ppl-pertemuan1\vendor\codeigniter4\framework\system\CodeIgniter.php(317): CodeIgniter\CodeIgniter->handleRequest(NULL, Object(Config\Cache), false)
#7 D:\xampp\htdocs\ppl-pertemuan1\public\index.php(37): CodeIgniter\CodeIgniter->run()
#8 D:\xampp\htdocs\ppl-pertemuan1\vendor\codeigniter4\framework\system\Commands\Server\rewrite.php(43): require_once('D:\\xampp\\htdocs...')
#9 {main}
CRITICAL - 2021-11-01 21:02:20 --> Undefined variable $id
#0 D:\xampp\htdocs\ppl-pertemuan1\app\Views\v_kota.php(20): CodeIgniter\Debug\Exceptions->errorHandler(2, 'Undefined varia...', 'D:\\xampp\\htdocs...', 20)
#1 D:\xampp\htdocs\ppl-pertemuan1\vendor\codeigniter4\framework\system\View\View.php(214): include('D:\\xampp\\htdocs...')
#2 D:\xampp\htdocs\ppl-pertemuan1\vendor\codeigniter4\framework\system\View\View.php(217): CodeIgniter\View\View->CodeIgniter\View\{closure}()
#3 D:\xampp\htdocs\ppl-pertemuan1\vendor\codeigniter4\framework\system\Common.php(1092): CodeIgniter\View\View->render('v_kota', Array, true)
#4 D:\xampp\htdocs\ppl-pertemuan1\app\Controllers\c_kota.php(15): view('v_kota', Array)
#5 D:\xampp\htdocs\ppl-pertemuan1\vendor\codeigniter4\framework\system\CodeIgniter.php(802): App\Controllers\c_kota->index()
#6 D:\xampp\htdocs\ppl-pertemuan1\vendor\codeigniter4\framework\system\CodeIgniter.php(399): CodeIgniter\CodeIgniter->runController(Object(App\Controllers\c_kota))
#7 D:\xampp\htdocs\ppl-pertemuan1\vendor\codeigniter4\framework\system\CodeIgniter.php(317): CodeIgniter\CodeIgniter->handleRequest(NULL, Object(Config\Cache), false)
#8 D:\xampp\htdocs\ppl-pertemuan1\public\index.php(37): CodeIgniter\CodeIgniter->run()
#9 D:\xampp\htdocs\ppl-pertemuan1\vendor\codeigniter4\framework\system\Commands\Server\rewrite.php(43): require_once('D:\\xampp\\htdocs...')
#10 {main}
CRITICAL - 2021-11-01 21:03:08 --> Undefined variable $id
#0 D:\xampp\htdocs\ppl-pertemuan1\app\Views\v_kota.php(20): CodeIgniter\Debug\Exceptions->errorHandler(2, 'Undefined varia...', 'D:\\xampp\\htdocs...', 20)
#1 D:\xampp\htdocs\ppl-pertemuan1\vendor\codeigniter4\framework\system\View\View.php(214): include('D:\\xampp\\htdocs...')
#2 D:\xampp\htdocs\ppl-pertemuan1\vendor\codeigniter4\framework\system\View\View.php(217): CodeIgniter\View\View->CodeIgniter\View\{closure}()
#3 D:\xampp\htdocs\ppl-pertemuan1\vendor\codeigniter4\framework\system\Common.php(1092): CodeIgniter\View\View->render('v_kota', Array, true)
#4 D:\xampp\htdocs\ppl-pertemuan1\app\Controllers\c_kota.php(15): view('v_kota', Array)
#5 D:\xampp\htdocs\ppl-pertemuan1\vendor\codeigniter4\framework\system\CodeIgniter.php(802): App\Controllers\c_kota->index()
#6 D:\xampp\htdocs\ppl-pertemuan1\vendor\codeigniter4\framework\system\CodeIgniter.php(399): CodeIgniter\CodeIgniter->runController(Object(App\Controllers\c_kota))
#7 D:\xampp\htdocs\ppl-pertemuan1\vendor\codeigniter4\framework\system\CodeIgniter.php(317): CodeIgniter\CodeIgniter->handleRequest(NULL, Object(Config\Cache), false)
#8 D:\xampp\htdocs\ppl-pertemuan1\public\index.php(37): CodeIgniter\CodeIgniter->run()
#9 D:\xampp\htdocs\ppl-pertemuan1\vendor\codeigniter4\framework\system\Commands\Server\rewrite.php(43): require_once('D:\\xampp\\htdocs...')
#10 {main}
CRITICAL - 2021-11-01 21:03:37 --> Undefined variable $id_kota
#0 D:\xampp\htdocs\ppl-pertemuan1\app\Views\v_kota.php(20): CodeIgniter\Debug\Exceptions->errorHandler(2, 'Undefined varia...', 'D:\\xampp\\htdocs...', 20)
#1 D:\xampp\htdocs\ppl-pertemuan1\vendor\codeigniter4\framework\system\View\View.php(214): include('D:\\xampp\\htdocs...')
#2 D:\xampp\htdocs\ppl-pertemuan1\vendor\codeigniter4\framework\system\View\View.php(217): CodeIgniter\View\View->CodeIgniter\View\{closure}()
#3 D:\xampp\htdocs\ppl-pertemuan1\vendor\codeigniter4\framework\system\Common.php(1092): CodeIgniter\View\View->render('v_kota', Array, true)
#4 D:\xampp\htdocs\ppl-pertemuan1\app\Controllers\c_kota.php(15): view('v_kota', Array)
#5 D:\xampp\htdocs\ppl-pertemuan1\vendor\codeigniter4\framework\system\CodeIgniter.php(802): App\Controllers\c_kota->index()
#6 D:\xampp\htdocs\ppl-pertemuan1\vendor\codeigniter4\framework\system\CodeIgniter.php(399): CodeIgniter\CodeIgniter->runController(Object(App\Controllers\c_kota))
#7 D:\xampp\htdocs\ppl-pertemuan1\vendor\codeigniter4\framework\system\CodeIgniter.php(317): CodeIgniter\CodeIgniter->handleRequest(NULL, Object(Config\Cache), false)
#8 D:\xampp\htdocs\ppl-pertemuan1\public\index.php(37): CodeIgniter\CodeIgniter->run()
#9 D:\xampp\htdocs\ppl-pertemuan1\vendor\codeigniter4\framework\system\Commands\Server\rewrite.php(43): require_once('D:\\xampp\\htdocs...')
#10 {main}
CRITICAL - 2021-11-01 21:03:40 --> Undefined variable $id_kota
#0 D:\xampp\htdocs\ppl-pertemuan1\app\Views\v_kota.php(20): CodeIgniter\Debug\Exceptions->errorHandler(2, 'Undefined varia...', 'D:\\xampp\\htdocs...', 20)
#1 D:\xampp\htdocs\ppl-pertemuan1\vendor\codeigniter4\framework\system\View\View.php(214): include('D:\\xampp\\htdocs...')
#2 D:\xampp\htdocs\ppl-pertemuan1\vendor\codeigniter4\framework\system\View\View.php(217): CodeIgniter\View\View->CodeIgniter\View\{closure}()
#3 D:\xampp\htdocs\ppl-pertemuan1\vendor\codeigniter4\framework\system\Common.php(1092): CodeIgniter\View\View->render('v_kota', Array, true)
#4 D:\xampp\htdocs\ppl-pertemuan1\app\Controllers\c_kota.php(15): view('v_kota', Array)
#5 D:\xampp\htdocs\ppl-pertemuan1\vendor\codeigniter4\framework\system\CodeIgniter.php(802): App\Controllers\c_kota->index()
#6 D:\xampp\htdocs\ppl-pertemuan1\vendor\codeigniter4\framework\system\CodeIgniter.php(399): CodeIgniter\CodeIgniter->runController(Object(App\Controllers\c_kota))
#7 D:\xampp\htdocs\ppl-pertemuan1\vendor\codeigniter4\framework\system\CodeIgniter.php(317): CodeIgniter\CodeIgniter->handleRequest(NULL, Object(Config\Cache), false)
#8 D:\xampp\htdocs\ppl-pertemuan1\public\index.php(37): CodeIgniter\CodeIgniter->run()
#9 D:\xampp\htdocs\ppl-pertemuan1\vendor\codeigniter4\framework\system\Commands\Server\rewrite.php(43): require_once('D:\\xampp\\htdocs...')
#10 {main}
CRITICAL - 2021-11-01 21:04:21 --> Too few arguments to function App\Controllers\c_kota::deleteKota(), 0 passed in D:\xampp\htdocs\ppl-pertemuan1\vendor\codeigniter4\framework\system\CodeIgniter.php on line 802 and exactly 1 expected
#0 D:\xampp\htdocs\ppl-pertemuan1\vendor\codeigniter4\framework\system\CodeIgniter.php(802): App\Controllers\c_kota->deleteKota()
#1 D:\xampp\htdocs\ppl-pertemuan1\vendor\codeigniter4\framework\system\CodeIgniter.php(399): CodeIgniter\CodeIgniter->runController(Object(App\Controllers\c_kota))
#2 D:\xampp\htdocs\ppl-pertemuan1\vendor\codeigniter4\framework\system\CodeIgniter.php(317): CodeIgniter\CodeIgniter->handleRequest(NULL, Object(Config\Cache), false)
#3 D:\xampp\htdocs\ppl-pertemuan1\public\index.php(37): CodeIgniter\CodeIgniter->run()
#4 D:\xampp\htdocs\ppl-pertemuan1\vendor\codeigniter4\framework\system\Commands\Server\rewrite.php(43): require_once('D:\\xampp\\htdocs...')
#5 {main}
CRITICAL - 2021-11-01 21:07:51 --> Too few arguments to function App\Controllers\c_kota::deleteKota(), 0 passed in D:\xampp\htdocs\ppl-pertemuan1\vendor\codeigniter4\framework\system\CodeIgniter.php on line 802 and exactly 1 expected
#0 D:\xampp\htdocs\ppl-pertemuan1\vendor\codeigniter4\framework\system\CodeIgniter.php(802): App\Controllers\c_kota->deleteKota()
#1 D:\xampp\htdocs\ppl-pertemuan1\vendor\codeigniter4\framework\system\CodeIgniter.php(399): CodeIgniter\CodeIgniter->runController(Object(App\Controllers\c_kota))
#2 D:\xampp\htdocs\ppl-pertemuan1\vendor\codeigniter4\framework\system\CodeIgniter.php(317): CodeIgniter\CodeIgniter->handleRequest(NULL, Object(Config\Cache), false)
#3 D:\xampp\htdocs\ppl-pertemuan1\public\index.php(37): CodeIgniter\CodeIgniter->run()
#4 D:\xampp\htdocs\ppl-pertemuan1\vendor\codeigniter4\framework\system\Commands\Server\rewrite.php(43): require_once('D:\\xampp\\htdocs...')
#5 {main}
CRITICAL - 2021-11-01 21:07:57 --> Too few arguments to function App\Controllers\c_kota::deleteKota(), 0 passed in D:\xampp\htdocs\ppl-pertemuan1\vendor\codeigniter4\framework\system\CodeIgniter.php on line 802 and exactly 1 expected
#0 D:\xampp\htdocs\ppl-pertemuan1\vendor\codeigniter4\framework\system\CodeIgniter.php(802): App\Controllers\c_kota->deleteKota()
#1 D:\xampp\htdocs\ppl-pertemuan1\vendor\codeigniter4\framework\system\CodeIgniter.php(399): CodeIgniter\CodeIgniter->runController(Object(App\Controllers\c_kota))
#2 D:\xampp\htdocs\ppl-pertemuan1\vendor\codeigniter4\framework\system\CodeIgniter.php(317): CodeIgniter\CodeIgniter->handleRequest(NULL, Object(Config\Cache), false)
#3 D:\xampp\htdocs\ppl-pertemuan1\public\index.php(37): CodeIgniter\CodeIgniter->run()
#4 D:\xampp\htdocs\ppl-pertemuan1\vendor\codeigniter4\framework\system\Commands\Server\rewrite.php(43): require_once('D:\\xampp\\htdocs...')
#5 {main}
CRITICAL - 2021-11-01 21:20:24 --> Array to string conversion
#0 D:\xampp\htdocs\ppl-pertemuan1\app\Models\m_kota.php(15): CodeIgniter\Debug\Exceptions->errorHandler(2, 'Array to string...', 'D:\\xampp\\htdocs...', 15)
#1 D:\xampp\htdocs\ppl-pertemuan1\app\Controllers\c_kota.php(13): App\Models\m_kota->getDataKota()
#2 D:\xampp\htdocs\ppl-pertemuan1\vendor\codeigniter4\framework\system\CodeIgniter.php(802): App\Controllers\c_kota->index()
#3 D:\xampp\htdocs\ppl-pertemuan1\vendor\codeigniter4\framework\system\CodeIgniter.php(399): CodeIgniter\CodeIgniter->runController(Object(App\Controllers\c_kota))
#4 D:\xampp\htdocs\ppl-pertemuan1\vendor\codeigniter4\framework\system\CodeIgniter.php(317): CodeIgniter\CodeIgniter->handleRequest(NULL, Object(Config\Cache), false)
#5 D:\xampp\htdocs\ppl-pertemuan1\public\index.php(37): CodeIgniter\CodeIgniter->run()
#6 D:\xampp\htdocs\ppl-pertemuan1\vendor\codeigniter4\framework\system\Commands\Server\rewrite.php(43): require_once('D:\\xampp\\htdocs...')
#7 {main}
CRITICAL - 2021-11-01 21:26:36 --> Undefined property: stdClass::$id
#0 D:\xampp\htdocs\ppl-pertemuan1\app\Views\v_kota.php(20): CodeIgniter\Debug\Exceptions->errorHandler(2, 'Undefined prope...', 'D:\\xampp\\htdocs...', 20)
#1 D:\xampp\htdocs\ppl-pertemuan1\vendor\codeigniter4\framework\system\View\View.php(214): include('D:\\xampp\\htdocs...')
#2 D:\xampp\htdocs\ppl-pertemuan1\vendor\codeigniter4\framework\system\View\View.php(217): CodeIgniter\View\View->CodeIgniter\View\{closure}()
#3 D:\xampp\htdocs\ppl-pertemuan1\vendor\codeigniter4\framework\system\Common.php(1092): CodeIgniter\View\View->render('v_kota', Array, true)
#4 D:\xampp\htdocs\ppl-pertemuan1\app\Controllers\c_kota.php(15): view('v_kota', Array)
#5 D:\xampp\htdocs\ppl-pertemuan1\vendor\codeigniter4\framework\system\CodeIgniter.php(802): App\Controllers\c_kota->index()
#6 D:\xampp\htdocs\ppl-pertemuan1\vendor\codeigniter4\framework\system\CodeIgniter.php(399): CodeIgniter\CodeIgniter->runController(Object(App\Controllers\c_kota))
#7 D:\xampp\htdocs\ppl-pertemuan1\vendor\codeigniter4\framework\system\CodeIgniter.php(317): CodeIgniter\CodeIgniter->handleRequest(NULL, Object(Config\Cache), false)
#8 D:\xampp\htdocs\ppl-pertemuan1\public\index.php(37): CodeIgniter\CodeIgniter->run()
#9 D:\xampp\htdocs\ppl-pertemuan1\vendor\codeigniter4\framework\system\Commands\Server\rewrite.php(43): require_once('D:\\xampp\\htdocs...')
#10 {main}
CRITICAL - 2021-11-01 21:26:38 --> Undefined property: stdClass::$id
#0 D:\xampp\htdocs\ppl-pertemuan1\app\Views\v_kota.php(20): CodeIgniter\Debug\Exceptions->errorHandler(2, 'Undefined prope...', 'D:\\xampp\\htdocs...', 20)
#1 D:\xampp\htdocs\ppl-pertemuan1\vendor\codeigniter4\framework\system\View\View.php(214): include('D:\\xampp\\htdocs...')
#2 D:\xampp\htdocs\ppl-pertemuan1\vendor\codeigniter4\framework\system\View\View.php(217): CodeIgniter\View\View->CodeIgniter\View\{closure}()
#3 D:\xampp\htdocs\ppl-pertemuan1\vendor\codeigniter4\framework\system\Common.php(1092): CodeIgniter\View\View->render('v_kota', Array, true)
#4 D:\xampp\htdocs\ppl-pertemuan1\app\Controllers\c_kota.php(15): view('v_kota', Array)
#5 D:\xampp\htdocs\ppl-pertemuan1\vendor\codeigniter4\framework\system\CodeIgniter.php(802): App\Controllers\c_kota->index()
#6 D:\xampp\htdocs\ppl-pertemuan1\vendor\codeigniter4\framework\system\CodeIgniter.php(399): CodeIgniter\CodeIgniter->runController(Object(App\Controllers\c_kota))
#7 D:\xampp\htdocs\ppl-pertemuan1\vendor\codeigniter4\framework\system\CodeIgniter.php(317): CodeIgniter\CodeIgniter->handleRequest(NULL, Object(Config\Cache), false)
#8 D:\xampp\htdocs\ppl-pertemuan1\public\index.php(37): CodeIgniter\CodeIgniter->run()
#9 D:\xampp\htdocs\ppl-pertemuan1\vendor\codeigniter4\framework\system\Commands\Server\rewrite.php(43): require_once('D:\\xampp\\htdocs...')
#10 {main}
CRITICAL - 2021-11-01 21:26:42 --> Undefined property: stdClass::$id
#0 D:\xampp\htdocs\ppl-pertemuan1\app\Views\v_kota.php(20): CodeIgniter\Debug\Exceptions->errorHandler(2, 'Undefined prope...', 'D:\\xampp\\htdocs...', 20)
#1 D:\xampp\htdocs\ppl-pertemuan1\vendor\codeigniter4\framework\system\View\View.php(214): include('D:\\xampp\\htdocs...')
#2 D:\xampp\htdocs\ppl-pertemuan1\vendor\codeigniter4\framework\system\View\View.php(217): CodeIgniter\View\View->CodeIgniter\View\{closure}()
#3 D:\xampp\htdocs\ppl-pertemuan1\vendor\codeigniter4\framework\system\Common.php(1092): CodeIgniter\View\View->render('v_kota', Array, true)
#4 D:\xampp\htdocs\ppl-pertemuan1\app\Controllers\c_kota.php(15): view('v_kota', Array)
#5 D:\xampp\htdocs\ppl-pertemuan1\vendor\codeigniter4\framework\system\CodeIgniter.php(802): App\Controllers\c_kota->index()
#6 D:\xampp\htdocs\ppl-pertemuan1\vendor\codeigniter4\framework\system\CodeIgniter.php(399): CodeIgniter\CodeIgniter->runController(Object(App\Controllers\c_kota))
#7 D:\xampp\htdocs\ppl-pertemuan1\vendor\codeigniter4\framework\system\CodeIgniter.php(317): CodeIgniter\CodeIgniter->handleRequest(NULL, Object(Config\Cache), false)
#8 D:\xampp\htdocs\ppl-pertemuan1\public\index.php(37): CodeIgniter\CodeIgniter->run()
#9 D:\xampp\htdocs\ppl-pertemuan1\vendor\codeigniter4\framework\system\Commands\Server\rewrite.php(43): require_once('D:\\xampp\\htdocs...')
#10 {main}
CRITICAL - 2021-11-01 21:27:16 --> Too few arguments to function App\Controllers\c_kota::deleteKota(), 0 passed in D:\xampp\htdocs\ppl-pertemuan1\vendor\codeigniter4\framework\system\CodeIgniter.php on line 802 and exactly 1 expected
#0 D:\xampp\htdocs\ppl-pertemuan1\vendor\codeigniter4\framework\system\CodeIgniter.php(802): App\Controllers\c_kota->deleteKota()
#1 D:\xampp\htdocs\ppl-pertemuan1\vendor\codeigniter4\framework\system\CodeIgniter.php(399): CodeIgniter\CodeIgniter->runController(Object(App\Controllers\c_kota))
#2 D:\xampp\htdocs\ppl-pertemuan1\vendor\codeigniter4\framework\system\CodeIgniter.php(317): CodeIgniter\CodeIgniter->handleRequest(NULL, Object(Config\Cache), false)
#3 D:\xampp\htdocs\ppl-pertemuan1\public\index.php(37): CodeIgniter\CodeIgniter->run()
#4 D:\xampp\htdocs\ppl-pertemuan1\vendor\codeigniter4\framework\system\Commands\Server\rewrite.php(43): require_once('D:\\xampp\\htdocs...')
#5 {main}
CRITICAL - 2021-11-01 21:28:09 --> Too few arguments to function App\Controllers\c_kota::deleteKota(), 0 passed in D:\xampp\htdocs\ppl-pertemuan1\vendor\codeigniter4\framework\system\CodeIgniter.php on line 802 and exactly 1 expected
#0 D:\xampp\htdocs\ppl-pertemuan1\vendor\codeigniter4\framework\system\CodeIgniter.php(802): App\Controllers\c_kota->deleteKota()
#1 D:\xampp\htdocs\ppl-pertemuan1\vendor\codeigniter4\framework\system\CodeIgniter.php(399): CodeIgniter\CodeIgniter->runController(Object(App\Controllers\c_kota))
#2 D:\xampp\htdocs\ppl-pertemuan1\vendor\codeigniter4\framework\system\CodeIgniter.php(317): CodeIgniter\CodeIgniter->handleRequest(NULL, Object(Config\Cache), false)
#3 D:\xampp\htdocs\ppl-pertemuan1\public\index.php(37): CodeIgniter\CodeIgniter->run()
#4 D:\xampp\htdocs\ppl-pertemuan1\vendor\codeigniter4\framework\system\Commands\Server\rewrite.php(43): require_once('D:\\xampp\\htdocs...')
#5 {main}
CRITICAL - 2021-11-01 21:28:12 --> Too few arguments to function App\Controllers\c_kota::deleteKota(), 0 passed in D:\xampp\htdocs\ppl-pertemuan1\vendor\codeigniter4\framework\system\CodeIgniter.php on line 802 and exactly 1 expected
#0 D:\xampp\htdocs\ppl-pertemuan1\vendor\codeigniter4\framework\system\CodeIgniter.php(802): App\Controllers\c_kota->deleteKota()
#1 D:\xampp\htdocs\ppl-pertemuan1\vendor\codeigniter4\framework\system\CodeIgniter.php(399): CodeIgniter\CodeIgniter->runController(Object(App\Controllers\c_kota))
#2 D:\xampp\htdocs\ppl-pertemuan1\vendor\codeigniter4\framework\system\CodeIgniter.php(317): CodeIgniter\CodeIgniter->handleRequest(NULL, Object(Config\Cache), false)
#3 D:\xampp\htdocs\ppl-pertemuan1\public\index.php(37): CodeIgniter\CodeIgniter->run()
#4 D:\xampp\htdocs\ppl-pertemuan1\vendor\codeigniter4\framework\system\Commands\Server\rewrite.php(43): require_once('D:\\xampp\\htdocs...')
#5 {main}
CRITICAL - 2021-11-01 21:28:52 --> Undefined property: stdClass::$id
#0 D:\xampp\htdocs\ppl-pertemuan1\app\Views\v_kota.php(20): CodeIgniter\Debug\Exceptions->errorHandler(2, 'Undefined prope...', 'D:\\xampp\\htdocs...', 20)
#1 D:\xampp\htdocs\ppl-pertemuan1\vendor\codeigniter4\framework\system\View\View.php(214): include('D:\\xampp\\htdocs...')
#2 D:\xampp\htdocs\ppl-pertemuan1\vendor\codeigniter4\framework\system\View\View.php(217): CodeIgniter\View\View->CodeIgniter\View\{closure}()
#3 D:\xampp\htdocs\ppl-pertemuan1\vendor\codeigniter4\framework\system\Common.php(1092): CodeIgniter\View\View->render('v_kota', Array, true)
#4 D:\xampp\htdocs\ppl-pertemuan1\app\Controllers\c_kota.php(15): view('v_kota', Array)
#5 D:\xampp\htdocs\ppl-pertemuan1\vendor\codeigniter4\framework\system\CodeIgniter.php(802): App\Controllers\c_kota->index()
#6 D:\xampp\htdocs\ppl-pertemuan1\vendor\codeigniter4\framework\system\CodeIgniter.php(399): CodeIgniter\CodeIgniter->runController(Object(App\Controllers\c_kota))
#7 D:\xampp\htdocs\ppl-pertemuan1\vendor\codeigniter4\framework\system\CodeIgniter.php(317): CodeIgniter\CodeIgniter->handleRequest(NULL, Object(Config\Cache), false)
#8 D:\xampp\htdocs\ppl-pertemuan1\public\index.php(37): CodeIgniter\CodeIgniter->run()
#9 D:\xampp\htdocs\ppl-pertemuan1\vendor\codeigniter4\framework\system\Commands\Server\rewrite.php(43): require_once('D:\\xampp\\htdocs...')
#10 {main}
CRITICAL - 2021-11-01 21:29:46 --> Too few arguments to function App\Controllers\c_kota::deleteKota(), 0 passed in D:\xampp\htdocs\ppl-pertemuan1\vendor\codeigniter4\framework\system\CodeIgniter.php on line 802 and exactly 1 expected
#0 D:\xampp\htdocs\ppl-pertemuan1\vendor\codeigniter4\framework\system\CodeIgniter.php(802): App\Controllers\c_kota->deleteKota()
#1 D:\xampp\htdocs\ppl-pertemuan1\vendor\codeigniter4\framework\system\CodeIgniter.php(399): CodeIgniter\CodeIgniter->runController(Object(App\Controllers\c_kota))
#2 D:\xampp\htdocs\ppl-pertemuan1\vendor\codeigniter4\framework\system\CodeIgniter.php(317): CodeIgniter\CodeIgniter->handleRequest(NULL, Object(Config\Cache), false)
#3 D:\xampp\htdocs\ppl-pertemuan1\public\index.php(37): CodeIgniter\CodeIgniter->run()
#4 D:\xampp\htdocs\ppl-pertemuan1\vendor\codeigniter4\framework\system\Commands\Server\rewrite.php(43): require_once('D:\\xampp\\htdocs...')
#5 {main}
CRITICAL - 2021-11-01 21:31:15 --> Too few arguments to function App\Controllers\c_kota::deleteKota(), 0 passed in D:\xampp\htdocs\ppl-pertemuan1\vendor\codeigniter4\framework\system\CodeIgniter.php on line 802 and exactly 1 expected
#0 D:\xampp\htdocs\ppl-pertemuan1\vendor\codeigniter4\framework\system\CodeIgniter.php(802): App\Controllers\c_kota->deleteKota()
#1 D:\xampp\htdocs\ppl-pertemuan1\vendor\codeigniter4\framework\system\CodeIgniter.php(399): CodeIgniter\CodeIgniter->runController(Object(App\Controllers\c_kota))
#2 D:\xampp\htdocs\ppl-pertemuan1\vendor\codeigniter4\framework\system\CodeIgniter.php(317): CodeIgniter\CodeIgniter->handleRequest(NULL, Object(Config\Cache), false)
#3 D:\xampp\htdocs\ppl-pertemuan1\public\index.php(37): CodeIgniter\CodeIgniter->run()
#4 D:\xampp\htdocs\ppl-pertemuan1\vendor\codeigniter4\framework\system\Commands\Server\rewrite.php(43): require_once('D:\\xampp\\htdocs...')
#5 {main}
